Determining if the include file util.h exists failed with the following output:
Change Dir: /home/jg/klee/build/CMakeFiles/CMakeTmp

Run Build Command:"/usr/bin/make" "cmTC_1c36b/fast"
/usr/bin/make -f CMakeFiles/cmTC_1c36b.dir/build.make CMakeFiles/cmTC_1c36b.dir/build
make[1]: Entering directory '/home/jg/klee/build/CMakeFiles/CMakeTmp'
Building C object CMakeFiles/cmTC_1c36b.dir/CheckIncludeFile.c.o
/usr/bin/cc    -Wall -Wextra -Wno-unused-parameter    -o CMakeFiles/cmTC_1c36b.dir/CheckIncludeFile.c.o   -c /home/jg/klee/build/CMakeFiles/CMakeTmp/CheckIncludeFile.c
/home/jg/klee/build/CMakeFiles/CMakeTmp/CheckIncludeFile.c:1:18: fatal error: util.h: No such file or directory
compilation terminated.
CMakeFiles/cmTC_1c36b.dir/build.make:65: recipe for target 'CMakeFiles/cmTC_1c36b.dir/CheckIncludeFile.c.o' failed
make[1]: *** [CMakeFiles/cmTC_1c36b.dir/CheckIncludeFile.c.o] Error 1
make[1]: Leaving directory '/home/jg/klee/build/CMakeFiles/CMakeTmp'
Makefile:126: recipe for target 'cmTC_1c36b/fast' failed
make: *** [cmTC_1c36b/fast] Error 2


Determining if the include file libutil.h exists failed with the following output:
Change Dir: /home/jg/klee/build/CMakeFiles/CMakeTmp

Run Build Command:"/usr/bin/make" "cmTC_d97dd/fast"
/usr/bin/make -f CMakeFiles/cmTC_d97dd.dir/build.make CMakeFiles/cmTC_d97dd.dir/build
make[1]: Entering directory '/home/jg/klee/build/CMakeFiles/CMakeTmp'
Building C object CMakeFiles/cmTC_d97dd.dir/CheckIncludeFile.c.o
/usr/bin/cc    -Wall -Wextra -Wno-unused-parameter    -o CMakeFiles/cmTC_d97dd.dir/CheckIncludeFile.c.o   -c /home/jg/klee/build/CMakeFiles/CMakeTmp/CheckIncludeFile.c
/home/jg/klee/build/CMakeFiles/CMakeTmp/CheckIncludeFile.c:1:21: fatal error: libutil.h: No such file or directory
compilation terminated.
CMakeFiles/cmTC_d97dd.dir/build.make:65: recipe for target 'CMakeFiles/cmTC_d97dd.dir/CheckIncludeFile.c.o' failed
make[1]: *** [CMakeFiles/cmTC_d97dd.dir/CheckIncludeFile.c.o] Error 1
make[1]: Leaving directory '/home/jg/klee/build/CMakeFiles/CMakeTmp'
Makefile:126: recipe for target 'cmTC_d97dd/fast' failed
make: *** [cmTC_d97dd/fast] Error 2


Determining if the function openpty exists failed with the following output:
Change Dir: /home/jg/klee/build/CMakeFiles/CMakeTmp

Run Build Command:"/usr/bin/make" "cmTC_11f62/fast"
/usr/bin/make -f CMakeFiles/cmTC_11f62.dir/build.make CMakeFiles/cmTC_11f62.dir/build
make[1]: Entering directory '/home/jg/klee/build/CMakeFiles/CMakeTmp'
Building C object CMakeFiles/cmTC_11f62.dir/CheckFunctionExists.c.o
/usr/bin/cc    -Wall -Wextra -Wno-unused-parameter -DCHECK_FUNCTION_EXISTS=openpty   -o CMakeFiles/cmTC_11f62.dir/CheckFunctionExists.c.o   -c /usr/share/cmake-3.5/Modules/CheckFunctionExists.c
Linking C executable cmTC_11f62
/usr/bin/cmake -E cmake_link_script CMakeFiles/cmTC_11f62.dir/link.txt --verbose=1
/usr/bin/cc   -Wall -Wextra -Wno-unused-parameter -DCHECK_FUNCTION_EXISTS=openpty    CMakeFiles/cmTC_11f62.dir/CheckFunctionExists.c.o  -o cmTC_11f62 -rdynamic 
CMakeFiles/cmTC_11f62.dir/CheckFunctionExists.c.o: In function `main':
CheckFunctionExists.c:(.text+0x15): undefined reference to `openpty'
collect2: error: ld returned 1 exit status
CMakeFiles/cmTC_11f62.dir/build.make:97: recipe for target 'cmTC_11f62' failed
make[1]: *** [cmTC_11f62] Error 1
make[1]: Leaving directory '/home/jg/klee/build/CMakeFiles/CMakeTmp'
Makefile:126: recipe for target 'cmTC_11f62/fast' failed
make: *** [cmTC_11f62/fast] Error 2


Determining if the malloc_zone_statistics exist failed with the following output:
Change Dir: /home/jg/klee/build/CMakeFiles/CMakeTmp

Run Build Command:"/usr/bin/make" "cmTC_2acab/fast"
/usr/bin/make -f CMakeFiles/cmTC_2acab.dir/build.make CMakeFiles/cmTC_2acab.dir/build
make[1]: Entering directory '/home/jg/klee/build/CMakeFiles/CMakeTmp'
Building CXX object CMakeFiles/cmTC_2acab.dir/CheckSymbolExists.cxx.o
/usr/bin/c++     -Wall -Wextra -Wno-unused-parameter    -o CMakeFiles/cmTC_2acab.dir/CheckSymbolExists.cxx.o -c /home/jg/klee/build/CMakeFiles/CMakeTmp/CheckSymbolExists.cxx
/home/jg/klee/build/CMakeFiles/CMakeTmp/CheckSymbolExists.cxx:2:27: fatal error: malloc/malloc.h: No such file or directory
compilation terminated.
CMakeFiles/cmTC_2acab.dir/build.make:65: recipe for target 'CMakeFiles/cmTC_2acab.dir/CheckSymbolExists.cxx.o' failed
make[1]: *** [CMakeFiles/cmTC_2acab.dir/CheckSymbolExists.cxx.o] Error 1
make[1]: Leaving directory '/home/jg/klee/build/CMakeFiles/CMakeTmp'
Makefile:126: recipe for target 'cmTC_2acab/fast' failed
make: *** [cmTC_2acab/fast] Error 2

File /home/jg/klee/build/CMakeFiles/CMakeTmp/CheckSymbolExists.cxx:
/* */
#include <malloc/malloc.h>

int main(int argc, char** argv)
{
  (void)argv;
#ifndef malloc_zone_statistics
  return ((int*)(&malloc_zone_statistics))[argc];
#else
  (void)argc;
  return 0;
#endif
}

Determining if the include file selinux/selinux.h exists failed with the following output:
Change Dir: /home/jg/klee/build/CMakeFiles/CMakeTmp

Run Build Command:"/usr/bin/make" "cmTC_3c054/fast"
/usr/bin/make -f CMakeFiles/cmTC_3c054.dir/build.make CMakeFiles/cmTC_3c054.dir/build
make[1]: Entering directory '/home/jg/klee/build/CMakeFiles/CMakeTmp'
Building C object CMakeFiles/cmTC_3c054.dir/CheckIncludeFile.c.o
/usr/bin/cc    -Wall -Wextra -Wno-unused-parameter    -o CMakeFiles/cmTC_3c054.dir/CheckIncludeFile.c.o   -c /home/jg/klee/build/CMakeFiles/CMakeTmp/CheckIncludeFile.c
/home/jg/klee/build/CMakeFiles/CMakeTmp/CheckIncludeFile.c:1:29: fatal error: selinux/selinux.h: No such file or directory
compilation terminated.
CMakeFiles/cmTC_3c054.dir/build.make:65: recipe for target 'CMakeFiles/cmTC_3c054.dir/CheckIncludeFile.c.o' failed
make[1]: *** [CMakeFiles/cmTC_3c054.dir/CheckIncludeFile.c.o] Error 1
make[1]: Leaving directory '/home/jg/klee/build/CMakeFiles/CMakeTmp'
Makefile:126: recipe for target 'cmTC_3c054/fast' failed
make: *** [cmTC_3c054/fast] Error 2


Determining if the include file sys/acl.h exists failed with the following output:
Change Dir: /home/jg/klee/build/CMakeFiles/CMakeTmp

Run Build Command:"/usr/bin/make" "cmTC_33e73/fast"
/usr/bin/make -f CMakeFiles/cmTC_33e73.dir/build.make CMakeFiles/cmTC_33e73.dir/build
make[1]: Entering directory '/home/jg/klee/build/CMakeFiles/CMakeTmp'
Building C object CMakeFiles/cmTC_33e73.dir/CheckIncludeFile.c.o
/usr/bin/cc    -Wall -Wextra -Wno-unused-parameter    -o CMakeFiles/cmTC_33e73.dir/CheckIncludeFile.c.o   -c /home/jg/klee/build/CMakeFiles/CMakeTmp/CheckIncludeFile.c
/home/jg/klee/build/CMakeFiles/CMakeTmp/CheckIncludeFile.c:1:21: fatal error: sys/acl.h: No such file or directory
compilation terminated.
CMakeFiles/cmTC_33e73.dir/build.make:65: recipe for target 'CMakeFiles/cmTC_33e73.dir/CheckIncludeFile.c.o' failed
make[1]: *** [CMakeFiles/cmTC_33e73.dir/CheckIncludeFile.c.o] Error 1
make[1]: Leaving directory '/home/jg/klee/build/CMakeFiles/CMakeTmp'
Makefile:126: recipe for target 'cmTC_33e73/fast' failed
make: *** [cmTC_33e73/fast] Error 2


Performing C++ SOURCE FILE Test LLVM_PR39177_FIXED failed with the following output:
Change Dir: /home/jg/klee/build/CMakeFiles/CMakeTmp

Run Build Command:"/usr/bin/make" "cmTC_6931c/fast"
/usr/bin/make -f CMakeFiles/cmTC_6931c.dir/build.make CMakeFiles/cmTC_6931c.dir/build
make[1]: Entering directory '/home/jg/klee/build/CMakeFiles/CMakeTmp'
Building CXX object CMakeFiles/cmTC_6931c.dir/src.cxx.o
/usr/bin/c++    -I/usr/lib/llvm-6.0/include  -Wall -Wextra -Wno-unused-parameter -DLLVM_PR39177_FIXED   -o CMakeFiles/cmTC_6931c.dir/src.cxx.o -c /home/jg/klee/build/CMakeFiles/CMakeTmp/src.cxx
In file included from /usr/include/c++/5/cinttypes:35:0,
                 from /usr/lib/llvm-6.0/include/llvm/Support/DataTypes.h:39,
                 from /usr/lib/llvm-6.0/include/llvm/ADT/Hashing.h:48,
                 from /usr/lib/llvm-6.0/include/llvm/ADT/ArrayRef.h:13,
                 from /usr/lib/llvm-6.0/include/llvm/ADT/DenseMapInfo.h:17,
                 from /usr/lib/llvm-6.0/include/llvm/ADT/DenseMap.h:17,
                 from /usr/lib/llvm-6.0/include/llvm/Analysis/TargetLibraryInfo.h:13,
                 from /home/jg/klee/build/CMakeFiles/CMakeTmp/src.cxx:2:
/usr/include/c++/5/bits/c++0x_warning.h:32:2: error: #error This file requires compiler and library support for the ISO C++ 2011 standard. This support must be enabled with the -std=c++11 or -std=gnu++11 compiler options.
 #error This file requires compiler and library support \
  ^
In file included from /usr/lib/llvm-6.0/include/llvm/ADT/Hashing.h:48:0,
                 from /usr/lib/llvm-6.0/include/llvm/ADT/ArrayRef.h:13,
                 from /usr/lib/llvm-6.0/include/llvm/ADT/DenseMapInfo.h:17,
                 from /usr/lib/llvm-6.0/include/llvm/ADT/DenseMap.h:17,
                 from /usr/lib/llvm-6.0/include/llvm/Analysis/TargetLibraryInfo.h:13,
                 from /home/jg/klee/build/CMakeFiles/CMakeTmp/src.cxx:2:
/usr/lib/llvm-6.0/include/llvm/Support/DataTypes.h:59:3: error: #error "The standard header <cstdint> is not C++11 compliant. Must #define " "__STDC_LIMIT_MACROS before #including Support/DataTypes.h"
 # error "The standard header <cstdint> is not C++11 compliant. Must #define "\
   ^
/usr/lib/llvm-6.0/include/llvm/Support/DataTypes.h:64:3: error: #error "The standard header <cstdint> is not C++11 compliant. Must #define " "__STDC_CONSTANT_MACROS before #including Support/DataTypes.h"
 # error "The standard header <cstdint> is not C++11 compliant. Must #define "\
   ^
In file included from /usr/lib/llvm-6.0/include/llvm/ADT/STLExtras.h:20:0,
                 from /usr/lib/llvm-6.0/include/llvm/ADT/StringRef.h:13,
                 from /usr/lib/llvm-6.0/include/llvm/ADT/StringMap.h:17,
                 from /usr/lib/llvm-6.0/include/llvm/Support/Host.h:17,
                 from /usr/lib/llvm-6.0/include/llvm/ADT/Hashing.h:49,
                 from /usr/lib/llvm-6.0/include/llvm/ADT/ArrayRef.h:13,
                 from /usr/lib/llvm-6.0/include/llvm/ADT/DenseMapInfo.h:17,
                 from /usr/lib/llvm-6.0/include/llvm/ADT/DenseMap.h:17,
                 from /usr/lib/llvm-6.0/include/llvm/Analysis/TargetLibraryInfo.h:13,
                 from /home/jg/klee/build/CMakeFiles/CMakeTmp/src.cxx:2:
/usr/lib/llvm-6.0/include/llvm/ADT/Optional.h:150:3: warning: identifier ‘constexpr’ is a keyword in C++11 [-Wc++0x-compat]
   constexpr T getValueOr(U &&value) const LLVM_LVALUE_FUNCTION {
   ^
In file included from /usr/lib/llvm-6.0/include/llvm/ADT/SmallVector.h:17:0,
                 from /usr/lib/llvm-6.0/include/llvm/ADT/STLExtras.h:21,
                 from /usr/lib/llvm-6.0/include/llvm/ADT/StringRef.h:13,
                 from /usr/lib/llvm-6.0/include/llvm/ADT/StringMap.h:17,
                 from /usr/lib/llvm-6.0/include/llvm/Support/Host.h:17,
                 from /usr/lib/llvm-6.0/include/llvm/ADT/Hashing.h:49,
                 from /usr/lib/llvm-6.0/include/llvm/ADT/ArrayRef.h:13,
                 from /usr/lib/llvm-6.0/include/llvm/ADT/DenseMapInfo.h:17,
                 from /usr/lib/llvm-6.0/include/llvm/ADT/DenseMap.h:17,
                 from /usr/lib/llvm-6.0/include/llvm/Analysis/TargetLibraryInfo.h:13,
                 from /home/jg/klee/build/CMakeFiles/CMakeTmp/src.cxx:2:
/usr/lib/llvm-6.0/include/llvm/ADT/iterator_range.h:63:1: warning: identifier ‘decltype’ is a keyword in C++11 [-Wc++0x-compat]
 iterator_range<decltype(begin(std::declval<T>()))> drop_begin(T &&t, int n) {
 ^
In file included from /usr/lib/llvm-6.0/include/llvm/ADT/SmallVector.h:20:0,
                 from /usr/lib/llvm-6.0/include/llvm/ADT/STLExtras.h:21,
                 from /usr/lib/llvm-6.0/include/llvm/ADT/StringRef.h:13,
                 from /usr/lib/llvm-6.0/include/llvm/ADT/StringMap.h:17,
                 from /usr/lib/llvm-6.0/include/llvm/Support/Host.h:17,
                 from /usr/lib/llvm-6.0/include/llvm/ADT/Hashing.h:49,
                 from /usr/lib/llvm-6.0/include/llvm/ADT/ArrayRef.h:13,
                 from /usr/lib/llvm-6.0/include/llvm/ADT/DenseMapInfo.h:17,
                 from /usr/lib/llvm-6.0/include/llvm/ADT/DenseMap.h:17,
                 from /usr/lib/llvm-6.0/include/llvm/Analysis/TargetLibraryInfo.h:13,
                 from /home/jg/klee/build/CMakeFiles/CMakeTmp/src.cxx:2:
/usr/lib/llvm-6.0/include/llvm/Support/MathExtras.h:113:3: warning: identifier ‘static_assert’ is a keyword in C++11 [-Wc++0x-compat]
   static_assert(std::numeric_limits<T>::is_integer &&
   ^
/usr/lib/llvm-6.0/include/llvm/Support/MathExtras.h:768:1: warning: identifier ‘nullptr’ is a keyword in C++11 [-Wc++0x-compat]
 SaturatingAdd(T X, T Y, bool *ResultOverflowed = nullptr) {
 ^
In file included from /usr/lib/llvm-6.0/include/llvm/ADT/StringRef.h:13:0,
                 from /usr/lib/llvm-6.0/include/llvm/ADT/StringMap.h:17,
                 from /usr/lib/llvm-6.0/include/llvm/Support/Host.h:17,
                 from /usr/lib/llvm-6.0/include/llvm/ADT/Hashing.h:49,
                 from /usr/lib/llvm-6.0/include/llvm/ADT/ArrayRef.h:13,
                 from /usr/lib/llvm-6.0/include/llvm/ADT/DenseMapInfo.h:17,
                 from /usr/lib/llvm-6.0/include/llvm/ADT/DenseMap.h:17,
                 from /usr/lib/llvm-6.0/include/llvm/Analysis/TargetLibraryInfo.h:13,
                 from /home/jg/klee/build/CMakeFiles/CMakeTmp/src.cxx:2:
/usr/lib/llvm-6.0/include/llvm/ADT/STLExtras.h:154:1: warning: identifier ‘noexcept’ is a keyword in C++11 [-Wc++0x-compat]
 void adl_swap(T &&lhs, T &&rhs) noexcept(noexcept(swap(std::declval<T>(),
 ^
In file included from /usr/lib/llvm-6.0/include/llvm/ADT/Optional.h:19:0,
                 from /usr/lib/llvm-6.0/include/llvm/ADT/STLExtras.h:20,
                 from /usr/lib/llvm-6.0/include/llvm/ADT/StringRef.h:13,
                 from /usr/lib/llvm-6.0/include/llvm/ADT/StringMap.h:17,
                 from /usr/lib/llvm-6.0/include/llvm/Support/Host.h:17,
                 from /usr/lib/llvm-6.0/include/llvm/ADT/Hashing.h:49,
                 from /usr/lib/llvm-6.0/include/llvm/ADT/ArrayRef.h:13,
                 from /usr/lib/llvm-6.0/include/llvm/ADT/DenseMapInfo.h:17,
                 from /usr/lib/llvm-6.0/include/llvm/ADT/DenseMap.h:17,
                 from /usr/lib/llvm-6.0/include/llvm/Analysis/TargetLibraryInfo.h:13,
                 from /home/jg/klee/build/CMakeFiles/CMakeTmp/src.cxx:2:
/usr/lib/llvm-6.0/include/llvm/ADT/None.h:23:1: warning: scoped enums only available with -std=c++11 or -std=gnu++11
 enum class NoneType { None = 1 };
 ^
/usr/lib/llvm-6.0/include/llvm/ADT/None.h:24:23: error: ‘NoneType’ is not a class or namespace
 const NoneType None = NoneType::None;
                       ^
In file included from /usr/lib/llvm-6.0/include/llvm/Support/AlignOf.h:17:0,
                 from /usr/lib/llvm-6.0/include/llvm/ADT/Optional.h:20,
                 from /usr/lib/llvm-6.0/include/llvm/ADT/STLExtras.h:20,
                 from /usr/lib/llvm-6.0/include/llvm/ADT/StringRef.h:13,
                 from /usr/lib/llvm-6.0/include/llvm/ADT/StringMap.h:17,
                 from /usr/lib/llvm-6.0/include/llvm/Support/Host.h:17,
                 from /usr/lib/llvm-6.0/include/llvm/ADT/Hashing.h:49,
                 from /usr/lib/llvm-6.0/include/llvm/ADT/ArrayRef.h:13,
                 from /usr/lib/llvm-6.0/include/llvm/ADT/DenseMapInfo.h:17,
                 from /usr/lib/llvm-6.0/include/llvm/ADT/DenseMap.h:17,
                 from /usr/lib/llvm-6.0/include/llvm/Analysis/TargetLibraryInfo.h:13,
                 from /home/jg/klee/build/CMakeFiles/CMakeTmp/src.cxx:2:
/usr/lib/llvm-6.0/include/llvm/Support/AlignOf.h:37:16: error: ‘Alignment’ is not a type
   LLVM_ALIGNAS(Alignment) char buffer[Size];
                ^
/usr/lib/llvm-6.0/include/llvm/Support/Compiler.h:322:34: note: in definition of macro ‘LLVM_ALIGNAS’
 # define LLVM_ALIGNAS(x) alignas(x)
                                  ^
/usr/lib/llvm-6.0/include/llvm/Support/Compiler.h:322:35: error: ISO C++ forbids declaration of ‘alignas’ with no type [-fpermissive]
 # define LLVM_ALIGNAS(x) alignas(x)
                                   ^
/usr/lib/llvm-6.0/include/llvm/Support/AlignOf.h:37:3: note: in expansion of macro ‘LLVM_ALIGNAS’
   LLVM_ALIGNAS(Alignment) char buffer[Size];
   ^
/usr/lib/llvm-6.0/include/llvm/Support/Compiler.h:322:35: error: expected ‘;’ at end of member declaration
 # define LLVM_ALIGNAS(x) alignas(x)
                                   ^
/usr/lib/llvm-6.0/include/llvm/Support/AlignOf.h:37:3: note: in expansion of macro ‘LLVM_ALIGNAS’
   LLVM_ALIGNAS(Alignment) char buffer[Size];
   ^
In file included from /usr/lib/llvm-6.0/include/llvm/ADT/Optional.h:20:0,
                 from /usr/lib/llvm-6.0/include/llvm/ADT/STLExtras.h:20,
                 from /usr/lib/llvm-6.0/include/llvm/ADT/StringRef.h:13,
                 from /usr/lib/llvm-6.0/include/llvm/ADT/StringMap.h:17,
                 from /usr/lib/llvm-6.0/include/llvm/Support/Host.h:17,
                 from /usr/lib/llvm-6.0/include/llvm/ADT/Hashing.h:49,
                 from /usr/lib/llvm-6.0/include/llvm/ADT/ArrayRef.h:13,
                 from /usr/lib/llvm-6.0/include/llvm/ADT/DenseMapInfo.h:17,
                 from /usr/lib/llvm-6.0/include/llvm/ADT/DenseMap.h:17,
                 from /usr/lib/llvm-6.0/include/llvm/Analysis/TargetLibraryInfo.h:13,
                 from /home/jg/klee/build/CMakeFiles/CMakeTmp/src.cxx:2:
/usr/lib/llvm-6.0/include/llvm/Support/AlignOf.h:113:19: warning: defaulted and deleted functions only available with -std=c++11 or -std=gnu++11
   AlignerImpl() = delete;
                   ^
/usr/lib/llvm-6.0/include/llvm/Support/AlignOf.h:140:59: error: a function call cannot appear in a constant-expression
                                       T6, T7, T8, T9, T10>),
                                                           ^
/usr/lib/llvm-6.0/include/llvm/Support/AlignOf.h:142:59: error: template argument 1 is invalid
                                      T6, T7, T8, T9, T10>)> {
                                                           ^
/usr/lib/llvm-6.0/include/llvm/Support/AlignOf.h:142:59: error: template argument 2 is invalid
In file included from /usr/lib/llvm-6.0/include/llvm/ADT/Optional.h:22:0,
                 from /usr/lib/llvm-6.0/include/llvm/ADT/STLExtras.h:20,
                 from /usr/lib/llvm-6.0/include/llvm/ADT/StringRef.h:13,
                 from /usr/lib/llvm-6.0/include/llvm/ADT/StringMap.h:17,
                 from /usr/lib/llvm-6.0/include/llvm/Support/Host.h:17,
                 from /usr/lib/llvm-6.0/include/llvm/ADT/Hashing.h:49,
                 from /usr/lib/llvm-6.0/include/llvm/ADT/ArrayRef.h:13,
                 from /usr/lib/llvm-6.0/include/llvm/ADT/DenseMapInfo.h:17,
                 from /usr/lib/llvm-6.0/include/llvm/ADT/DenseMap.h:17,
                 from /usr/lib/llvm-6.0/include/llvm/Analysis/TargetLibraryInfo.h:13,
                 from /home/jg/klee/build/CMakeFiles/CMakeTmp/src.cxx:2:
/usr/lib/llvm-6.0/include/llvm/Support/type_traits.h:38:29: error: ‘is_trivially_copyable’ is not a member of ‘std’
   static const bool value = std::is_trivially_copyable<T>::value;
                             ^
/usr/lib/llvm-6.0/include/llvm/Support/type_traits.h:38:57: error: expected primary-expression before ‘>’ token
   static const bool value = std::is_trivially_copyable<T>::value;
                                                         ^
/usr/lib/llvm-6.0/include/llvm/Support/type_traits.h:38:58: error: ‘::value’ has not been declared
   static const bool value = std::is_trivially_copyable<T>::value;
                                                          ^
/usr/lib/llvm-6.0/include/llvm/Support/type_traits.h:53:32: error: ‘>>’ should be ‘> >’ within a nested template argument list
 struct isPodLike<std::pair<T, U>> {
                                ^
/usr/lib/llvm-6.0/include/llvm/Support/type_traits.h:65:9: error: expected nested-name-specifier before ‘UnderlyingT’
   using UnderlyingT = typename std::remove_reference<T>::type;
         ^
/usr/lib/llvm-6.0/include/llvm/Support/type_traits.h:69:8: error: ‘is_class’ is not a member of ‘std’
       !std::is_class<UnderlyingT>::value && // Filter conversion operators.
        ^
/usr/lib/llvm-6.0/include/llvm/Support/type_traits.h:69:22: error: ‘UnderlyingT’ was not declared in this scope
       !std::is_class<UnderlyingT>::value && // Filter conversion operators.
                      ^
/usr/lib/llvm-6.0/include/llvm/Support/type_traits.h:69:21: warning: logical not is only applied to the left hand side of comparison [-Wlogical-not-parentheses]
       !std::is_class<UnderlyingT>::value && // Filter conversion operators.
                     ^
/usr/lib/llvm-6.0/include/llvm/Support/type_traits.h:69:34: error: ‘::value’ has not been declared
       !std::is_class<UnderlyingT>::value && // Filter conversion operators.
                                  ^
/usr/lib/llvm-6.0/include/llvm/Support/type_traits.h:70:8: error: ‘is_pointer’ is not a member of ‘std’
       !std::is_pointer<UnderlyingT>::value &&
        ^
/usr/lib/llvm-6.0/include/llvm/Support/type_traits.h:70:24: error: ‘UnderlyingT’ was not declared in this scope
       !std::is_pointer<UnderlyingT>::value &&
                        ^
/usr/lib/llvm-6.0/include/llvm/Support/type_traits.h:70:23: warning: logical not is only applied to the left hand side of comparison [-Wlogical-not-parentheses]
       !std::is_pointer<UnderlyingT>::value &&
                       ^
/usr/lib/llvm-6.0/include/llvm/Support/type_traits.h:70:36: error: ‘::value’ has not been declared
       !std::is_pointer<UnderlyingT>::value &&
                                    ^
/usr/lib/llvm-6.0/include/llvm/Support/type_traits.h:71:8: error: ‘is_floating_point’ is not a member of ‘std’
       !std::is_floating_point<UnderlyingT>::value &&
        ^
/usr/lib/llvm-6.0/include/llvm/Support/type_traits.h:71:31: error: ‘UnderlyingT’ was not declared in this scope
       !std::is_floating_point<UnderlyingT>::value &&
                               ^
/usr/lib/llvm-6.0/include/llvm/Support/type_traits.h:71:30: warning: logical not is only applied to the left hand side of comparison [-Wlogical-not-parentheses]
       !std::is_floating_point<UnderlyingT>::value &&
                              ^
/usr/lib/llvm-6.0/include/llvm/Support/type_traits.h:71:43: error: ‘::value’ has not been declared
       !std::is_floating_point<UnderlyingT>::value &&
                                           ^
/usr/lib/llvm-6.0/include/llvm/Support/type_traits.h:72:8: error: ‘is_enum’ is not a member of ‘std’
       (std::is_enum<UnderlyingT>::value ||
        ^
/usr/lib/llvm-6.0/include/llvm/Support/type_traits.h:72:21: error: ‘UnderlyingT’ was not declared in this scope
       (std::is_enum<UnderlyingT>::value ||
                     ^
/usr/lib/llvm-6.0/include/llvm/Support/type_traits.h:72:33: error: ‘::value’ has not been declared
       (std::is_enum<UnderlyingT>::value ||
                                 ^
/usr/lib/llvm-6.0/include/llvm/Support/type_traits.h:73:8: error: ‘is_convertible’ is not a member of ‘std’
        std::is_convertible<UnderlyingT, unsigned long long>::value);
        ^
/usr/lib/llvm-6.0/include/llvm/Support/type_traits.h:73:28: error: ‘UnderlyingT’ was not declared in this scope
        std::is_convertible<UnderlyingT, unsigned long long>::value);
                            ^
/usr/lib/llvm-6.0/include/llvm/Support/type_traits.h:73:39: error: a comma operator cannot appear in a constant-expression
        std::is_convertible<UnderlyingT, unsigned long long>::value);
                                       ^
/usr/lib/llvm-6.0/include/llvm/Support/type_traits.h:73:41: error: expected primary-expression before ‘unsigned’
        std::is_convertible<UnderlyingT, unsigned long long>::value);
                                         ^
/usr/lib/llvm-6.0/include/llvm/Support/type_traits.h:73:41: error: expected ‘)’ before ‘unsigned’
/usr/lib/llvm-6.0/include/llvm/Support/type_traits.h:78:52: error: expected nested-name-specifier before ‘type’
 struct add_lvalue_reference_if_not_pointer { using type = T &; };
                                                    ^
/usr/lib/llvm-6.0/include/llvm/Support/type_traits.h:82:22: error: ‘enable_if’ in namespace ‘std’ does not name a template type
     T, typename std::enable_if<std::is_pointer<T>::value>::type> {
                      ^
/usr/lib/llvm-6.0/include/llvm/Support/type_traits.h:82:31: error: expected template-argument before ‘<’ token
     T, typename std::enable_if<std::is_pointer<T>::value>::type> {
                               ^
/usr/lib/llvm-6.0/include/llvm/Support/type_traits.h:82:31: error: expected ‘>’ before ‘<’ token
/usr/lib/llvm-6.0/include/llvm/Support/type_traits.h:82:64: error: template argument 2 is invalid
     T, typename std::enable_if<std::is_pointer<T>::value>::type> {
                                                                ^
/usr/lib/llvm-6.0/include/llvm/Support/type_traits.h:82:66: error: expected ‘::’ before ‘{’ token
     T, typename std::enable_if<std::is_pointer<T>::value>::type> {
                                                                  ^
/usr/lib/llvm-6.0/include/llvm/Support/type_traits.h:82:66: error: expected identifier before ‘{’ token
/usr/lib/llvm-6.0/include/llvm/Support/type_traits.h:82:66: error: qualified name does not name a class before ‘{’ token
/usr/lib/llvm-6.0/include/llvm/Support/type_traits.h:89:39: error: expected nested-name-specifier before ‘type’
 struct add_const_past_pointer { using type = const T; };
                                       ^
/usr/lib/llvm-6.0/include/llvm/Support/type_traits.h:93:22: error: ‘enable_if’ in namespace ‘std’ does not name a template type
     T, typename std::enable_if<std::is_pointer<T>::value>::type> {
                      ^
/usr/lib/llvm-6.0/include/llvm/Support/type_traits.h:93:31: error: expected template-argument before ‘<’ token
     T, typename std::enable_if<std::is_pointer<T>::value>::type> {
                               ^
/usr/lib/llvm-6.0/include/llvm/Support/type_traits.h:93:31: error: expected ‘>’ before ‘<’ token
/usr/lib/llvm-6.0/include/llvm/Support/type_traits.h:93:64: error: template argument 2 is invalid
     T, typename std::enable_if<std::is_pointer<T>::value>::type> {
                                                                ^
/usr/lib/llvm-6.0/include/llvm/Support/type_traits.h:93:66: error: expected ‘::’ before ‘{’ token
     T, typename std::enable_if<std::is_pointer<T>::value>::type> {
                                                                  ^
/usr/lib/llvm-6.0/include/llvm/Support/type_traits.h:93:66: error: expected identifier before ‘{’ token
/usr/lib/llvm-6.0/include/llvm/Support/type_traits.h:93:66: error: qualified name does not name a class before ‘{’ token
/usr/lib/llvm-6.0/include/llvm/Support/type_traits.h:99:9: error: expected nested-name-specifier before ‘type’
   using type = const T &;
         ^
/usr/lib/llvm-6.0/include/llvm/Support/type_traits.h:103:22: error: ‘enable_if’ in namespace ‘std’ does not name a template type
     T, typename std::enable_if<std::is_pointer<T>::value>::type> {
                      ^
/usr/lib/llvm-6.0/include/llvm/Support/type_traits.h:103:31: error: expected template-argument before ‘<’ token
     T, typename std::enable_if<std::is_pointer<T>::value>::type> {
                               ^
/usr/lib/llvm-6.0/include/llvm/Support/type_traits.h:103:31: error: expected ‘>’ before ‘<’ token
/usr/lib/llvm-6.0/include/llvm/Support/type_traits.h:103:64: error: template argument 2 is invalid
     T, typename std::enable_if<std::is_pointer<T>::value>::type> {
                                                                ^
/usr/lib/llvm-6.0/include/llvm/Support/type_traits.h:103:66: error: expected ‘::’ before ‘{’ token
     T, typename std::enable_if<std::is_pointer<T>::value>::type> {
                                                                  ^
/usr/lib/llvm-6.0/include/llvm/Support/type_traits.h:103:66: error: expected identifier before ‘{’ token
/usr/lib/llvm-6.0/include/llvm/Support/type_traits.h:103:66: error: qualified name does not name a class before ‘{’ token
In file included from /usr/lib/llvm-6.0/include/llvm/ADT/STLExtras.h:20:0,
                 from /usr/lib/llvm-6.0/include/llvm/ADT/StringRef.h:13,
                 from /usr/lib/llvm-6.0/include/llvm/ADT/StringMap.h:17,
                 from /usr/lib/llvm-6.0/include/llvm/Support/Host.h:17,
                 from /usr/lib/llvm-6.0/include/llvm/ADT/Hashing.h:49,
                 from /usr/lib/llvm-6.0/include/llvm/ADT/ArrayRef.h:13,
                 from /usr/lib/llvm-6.0/include/llvm/ADT/DenseMapInfo.h:17,
                 from /usr/lib/llvm-6.0/include/llvm/ADT/DenseMap.h:17,
                 from /usr/lib/llvm-6.0/include/llvm/Analysis/TargetLibraryInfo.h:13,
                 from /home/jg/klee/build/CMakeFiles/CMakeTmp/src.cxx:2:
/usr/lib/llvm-6.0/include/llvm/ADT/Optional.h:32:17: warning: non-static data member initializers only available with -std=c++11 or -std=gnu++11
   bool hasVal = false;
                 ^
/usr/lib/llvm-6.0/include/llvm/ADT/Optional.h:35:9: error: expected nested-name-specifier before ‘value_type’
   using value_type = T;
         ^
/usr/lib/llvm-6.0/include/llvm/ADT/Optional.h:47:14: error: expected ‘,’ or ‘...’ before ‘&&’ token
   Optional(T &&y) : hasVal(true) { new (storage.buffer) T(std::forward<T>(y)); }
              ^
/usr/lib/llvm-6.0/include/llvm/ADT/Optional.h:49:24: error: expected ‘,’ or ‘...’ before ‘&&’ token
   Optional(Optional<T> &&O) : hasVal(O) {
                        ^
/usr/lib/llvm-6.0/include/llvm/ADT/Optional.h:49:27: error: invalid constructor; you probably meant ‘llvm::Optional<T> (const llvm::Optional<T>&)’
   Optional(Optional<T> &&O) : hasVal(O) {
                           ^
/usr/lib/llvm-6.0/include/llvm/ADT/Optional.h:58:25: error: expected ‘,’ or ‘...’ before ‘&&’ token
   Optional &operator=(T &&y) {
                         ^
/usr/lib/llvm-6.0/include/llvm/ADT/Optional.h:68:32: error: expected ‘,’ or ‘...’ before ‘&&’ token
   Optional &operator=(Optional &&O) {
                                ^
/usr/lib/llvm-6.0/include/llvm/ADT/Optional.h:79:21: warning: variadic templates only available with -std=c++11 or -std=gnu++11
   template <typename... ArgTypes> void emplace(ArgTypes &&... Args) {
                     ^
/usr/lib/llvm-6.0/include/llvm/ADT/Optional.h:79:57: error: expected ‘,’ or ‘...’ before ‘&&’ token
   template <typename... ArgTypes> void emplace(ArgTypes &&... Args) {
                                                         ^
/usr/lib/llvm-6.0/include/llvm/ADT/Optional.h:79:67: error: parameter packs not expanded with ‘...’:
   template <typename... ArgTypes> void emplace(ArgTypes &&... Args) {
                                                                   ^
/usr/lib/llvm-6.0/include/llvm/ADT/Optional.h:79:67: note:         ‘ArgTypes’
/usr/lib/llvm-6.0/include/llvm/ADT/Optional.h:127:23: error: expected ‘;’ at end of member declaration
   const T &getValue() const LLVM_LVALUE_FUNCTION {
                       ^
/usr/lib/llvm-6.0/include/llvm/ADT/Optional.h:127:50: error: expected unqualified-id before ‘{’ token
   const T &getValue() const LLVM_LVALUE_FUNCTION {
                                                  ^
/usr/lib/llvm-6.0/include/llvm/ADT/Optional.h:130:3: error: expected ‘;’ at end of member declaration
   }
   ^
/usr/lib/llvm-6.0/include/llvm/ADT/Optional.h:131:15: error: expected ‘;’ at end of member declaration
   T &getValue() LLVM_LVALUE_FUNCTION {
               ^
/usr/lib/llvm-6.0/include/llvm/ADT/Optional.h:131:38: error: expected unqualified-id before ‘{’ token
   T &getValue() LLVM_LVALUE_FUNCTION {
                                      ^
/usr/lib/llvm-6.0/include/llvm/ADT/Optional.h:134:3: error: expected ‘;’ at end of member declaration
   }
   ^
/usr/lib/llvm-6.0/include/llvm/ADT/Optional.h:136:28: warning: explicit conversion operators only available with -std=c++11 or -std=gnu++11
   explicit operator bool() const { return hasVal; }
                            ^
/usr/lib/llvm-6.0/include/llvm/ADT/Optional.h:140:24: error: expected ‘;’ at end of member declaration
   const T &operator*() const LLVM_LVALUE_FUNCTION {
                        ^
/usr/lib/llvm-6.0/include/llvm/ADT/Optional.h:140:51: error: expected unqualified-id before ‘{’ token
   const T &operator*() const LLVM_LVALUE_FUNCTION {
                                                   ^
/usr/lib/llvm-6.0/include/llvm/ADT/Optional.h:143:3: error: expected ‘;’ at end of member declaration
   }
   ^
/usr/lib/llvm-6.0/include/llvm/ADT/Optional.h:144:16: error: expected ‘;’ at end of member declaration
   T &operator*() LLVM_LVALUE_FUNCTION {
                ^
/usr/lib/llvm-6.0/include/llvm/ADT/Optional.h:144:39: error: expected unqualified-id before ‘{’ token
   T &operator*() LLVM_LVALUE_FUNCTION {
                                       ^
/usr/lib/llvm-6.0/include/llvm/ADT/Optional.h:147:3: error: expected ‘;’ at end of member declaration
   }
   ^
/usr/lib/llvm-6.0/include/llvm/ADT/Optional.h:150:3: error: ‘constexpr’ does not name a type
   constexpr T getValueOr(U &&value) const LLVM_LVALUE_FUNCTION {
   ^
/usr/lib/llvm-6.0/include/llvm/ADT/Optional.h:150:3: note: C++11 ‘constexpr’ only available with -std=c++11 or -std=gnu++11
/usr/lib/llvm-6.0/include/llvm/ADT/Optional.h:155:5: error: expected unqualified-id before ‘&&’ token
   T &&getValue() && {
     ^
/usr/lib/llvm-6.0/include/llvm/ADT/Optional.h:159:5: error: expected unqualified-id before ‘&&’ token
   T &&operator*() && {
     ^
/usr/lib/llvm-6.0/include/llvm/ADT/Optional.h:165:18: error: expected ‘,’ or ‘...’ before ‘&&’ token
   T getValueOr(U &&value) && {
                  ^
/usr/lib/llvm-6.0/include/llvm/ADT/Optional.h:165:27: error: expected initializer before ‘&&’ token
   T getValueOr(U &&value) && {
                           ^
/usr/lib/llvm-6.0/include/llvm/ADT/Optional.h: In constructor ‘llvm::Optional<T>::Optional(T)’:
/usr/lib/llvm-6.0/include/llvm/ADT/Optional.h:47:59: error: ‘forward’ is not a member of ‘std’
   Optional(T &&y) : hasVal(true) { new (storage.buffer) T(std::forward<T>(y)); }
                                                           ^
/usr/lib/llvm-6.0/include/llvm/ADT/Optional.h:47:73: error: expected primary-expression before ‘>’ token
   Optional(T &&y) : hasVal(true) { new (storage.buffer) T(std::forward<T>(y)); }
                                                                         ^
/usr/lib/llvm-6.0/include/llvm/ADT/Optional.h:47:75: error: ‘y’ was not declared in this scope
   Optional(T &&y) : hasVal(true) { new (storage.buffer) T(std::forward<T>(y)); }
                                                                           ^
/usr/lib/llvm-6.0/include/llvm/ADT/Optional.h: In member function ‘llvm::Optional<T>& llvm::Optional<T>::operator=(T)’:
/usr/lib/llvm-6.0/include/llvm/ADT/Optional.h:60:16: error: ‘move’ is not a member of ‘std’
       **this = std::move(y);
                ^
/usr/lib/llvm-6.0/include/llvm/ADT/Optional.h:60:26: error: ‘y’ was not declared in this scope
       **this = std::move(y);
                          ^
/usr/lib/llvm-6.0/include/llvm/ADT/Optional.h:62:30: error: ‘move’ is not a member of ‘std’
       new (storage.buffer) T(std::move(y));
                              ^
/usr/lib/llvm-6.0/include/llvm/ADT/Optional.h:62:40: error: ‘y’ was not declared in this scope
       new (storage.buffer) T(std::move(y));
                                        ^
/usr/lib/llvm-6.0/include/llvm/ADT/Optional.h: In member function ‘llvm::Optional<T>& llvm::Optional<T>::operator=(llvm::Optional<T>)’:
/usr/lib/llvm-6.0/include/llvm/ADT/Optional.h:69:10: error: ‘O’ was not declared in this scope
     if (!O)
          ^
/usr/lib/llvm-6.0/include/llvm/ADT/Optional.h:72:15: error: ‘move’ is not a member of ‘std’
       *this = std::move(*O);
               ^
/usr/lib/llvm-6.0/include/llvm/ADT/Optional.h: In member function ‘void llvm::Optional<T>::emplace(<type error>)’:
/usr/lib/llvm-6.0/include/llvm/ADT/Optional.h:82:28: error: ‘forward’ is not a member of ‘std’
     new (storage.buffer) T(std::forward<ArgTypes>(Args)...);
                            ^
/usr/lib/llvm-6.0/include/llvm/ADT/Optional.h:82:49: error: expected primary-expression before ‘>’ token
     new (storage.buffer) T(std::forward<ArgTypes>(Args)...);
                                                 ^
/usr/lib/llvm-6.0/include/llvm/ADT/Optional.h:82:51: error: ‘Args’ was not declared in this scope
     new (storage.buffer) T(std::forward<ArgTypes>(Args)...);
                                                   ^
/usr/lib/llvm-6.0/include/llvm/ADT/Optional.h: At global scope:
/usr/lib/llvm-6.0/include/llvm/ADT/Optional.h:171:50: error: ‘>>’ should be ‘> >’ within a nested template argument list
 template <typename T> struct isPodLike<Optional<T>> {
                                                  ^
In file included from /usr/lib/llvm-6.0/include/llvm/ADT/SmallVector.h:17:0,
                 from /usr/lib/llvm-6.0/include/llvm/ADT/STLExtras.h:21,
                 from /usr/lib/llvm-6.0/include/llvm/ADT/StringRef.h:13,
                 from /usr/lib/llvm-6.0/include/llvm/ADT/StringMap.h:17,
                 from /usr/lib/llvm-6.0/include/llvm/Support/Host.h:17,
                 from /usr/lib/llvm-6.0/include/llvm/ADT/Hashing.h:49,
                 from /usr/lib/llvm-6.0/include/llvm/ADT/ArrayRef.h:13,
                 from /usr/lib/llvm-6.0/include/llvm/ADT/DenseMapInfo.h:17,
                 from /usr/lib/llvm-6.0/include/llvm/ADT/DenseMap.h:17,
                 from /usr/lib/llvm-6.0/include/llvm/Analysis/TargetLibraryInfo.h:13,
                 from /home/jg/klee/build/CMakeFiles/CMakeTmp/src.cxx:2:
/usr/lib/llvm-6.0/include/llvm/ADT/iterator_range.h:39:28: error: expected ‘,’ or ‘...’ before ‘&&’ token
   iterator_range(Container &&c)
                            ^
/usr/lib/llvm-6.0/include/llvm/ADT/iterator_range.h: In constructor ‘llvm::iterator_range<IteratorT>::iterator_range(Container)’:
/usr/lib/llvm-6.0/include/llvm/ADT/iterator_range.h:41:24: error: ‘c’ was not declared in this scope
       : begin_iterator(c.begin()), end_iterator(c.end()) {}
                        ^
/usr/lib/llvm-6.0/include/llvm/ADT/iterator_range.h: In constructor ‘llvm::iterator_range<IteratorT>::iterator_range(IteratorT, IteratorT)’:
/usr/lib/llvm-6.0/include/llvm/ADT/iterator_range.h:43:24: error: ‘move’ is not a member of ‘std’
       : begin_iterator(std::move(begin_iterator)),
                        ^
/usr/lib/llvm-6.0/include/llvm/ADT/iterator_range.h:44:22: error: ‘move’ is not a member of ‘std’
         end_iterator(std::move(end_iterator)) {}
                      ^
/usr/lib/llvm-6.0/include/llvm/ADT/iterator_range.h: In function ‘llvm::iterator_range<T> llvm::make_range(T, T)’:
/usr/lib/llvm-6.0/include/llvm/ADT/iterator_range.h:55:28: error: ‘move’ is not a member of ‘std’
   return iterator_range<T>(std::move(x), std::move(y));
                            ^
/usr/lib/llvm-6.0/include/llvm/ADT/iterator_range.h:55:42: error: ‘move’ is not a member of ‘std’
   return iterator_range<T>(std::move(x), std::move(y));
                                          ^
/usr/lib/llvm-6.0/include/llvm/ADT/iterator_range.h: In function ‘llvm::iterator_range<T> llvm::make_range(std::pair<_FIter, _FIter>)’:
/usr/lib/llvm-6.0/include/llvm/ADT/iterator_range.h:59:28: error: ‘move’ is not a member of ‘std’
   return iterator_range<T>(std::move(p.first), std::move(p.second));
                            ^
/usr/lib/llvm-6.0/include/llvm/ADT/iterator_range.h:59:48: error: ‘move’ is not a member of ‘std’
   return iterator_range<T>(std::move(p.first), std::move(p.second));
                                                ^
/usr/lib/llvm-6.0/include/llvm/ADT/iterator_range.h: At global scope:
/usr/lib/llvm-6.0/include/llvm/ADT/iterator_range.h:63:31: error: ‘declval’ is not a member of ‘std’
 iterator_range<decltype(begin(std::declval<T>()))> drop_begin(T &&t, int n) {
                               ^
/usr/lib/llvm-6.0/include/llvm/ADT/iterator_range.h:63:48: error: a function call cannot appear in a constant-expression
 iterator_range<decltype(begin(std::declval<T>()))> drop_begin(T &&t, int n) {
                                                ^
/usr/lib/llvm-6.0/include/llvm/ADT/iterator_range.h:63:49: error: a function call cannot appear in a constant-expression
 iterator_range<decltype(begin(std::declval<T>()))> drop_begin(T &&t, int n) {
                                                 ^
/usr/lib/llvm-6.0/include/llvm/ADT/iterator_range.h:63:50: error: template argument 1 is invalid
 iterator_range<decltype(begin(std::declval<T>()))> drop_begin(T &&t, int n) {
                                                  ^
/usr/lib/llvm-6.0/include/llvm/ADT/iterator_range.h:63:65: error: expected ‘,’ or ‘...’ before ‘&&’ token
 iterator_range<decltype(begin(std::declval<T>()))> drop_begin(T &&t, int n) {
                                                                 ^
/usr/lib/llvm-6.0/include/llvm/ADT/iterator_range.h: In function ‘int llvm::drop_begin(T)’:
/usr/lib/llvm-6.0/include/llvm/ADT/iterator_range.h:64:21: error: ‘next’ is not a member of ‘std’
   return make_range(std::next(begin(t), n), end(t));
                     ^
/usr/lib/llvm-6.0/include/llvm/ADT/iterator_range.h:64:37: error: ‘t’ was not declared in this scope
   return make_range(std::next(begin(t), n), end(t));
                                     ^
/usr/lib/llvm-6.0/include/llvm/ADT/iterator_range.h:64:38: error: there are no arguments to ‘begin’ that depend on a template parameter, so a declaration of ‘begin’ must be available [-fpermissive]
   return make_range(std::next(begin(t), n), end(t));
                                      ^
/usr/lib/llvm-6.0/include/llvm/ADT/iterator_range.h:64:38: note: (if you use ‘-fpermissive’, G++ will accept your code, but allowing the use of an undeclared name is deprecated)
/usr/lib/llvm-6.0/include/llvm/ADT/iterator_range.h:64:41: error: ‘n’ was not declared in this scope
   return make_range(std::next(begin(t), n), end(t));
                                         ^
/usr/lib/llvm-6.0/include/llvm/ADT/iterator_range.h:64:50: error: there are no arguments to ‘end’ that depend on a template parameter, so a declaration of ‘end’ must be available [-fpermissive]
   return make_range(std::next(begin(t), n), end(t));
                                                  ^
In file included from /usr/lib/llvm-6.0/include/llvm/Support/MathExtras.h:18:0,
                 from /usr/lib/llvm-6.0/include/llvm/ADT/SmallVector.h:20,
                 from /usr/lib/llvm-6.0/include/llvm/ADT/STLExtras.h:21,
                 from /usr/lib/llvm-6.0/include/llvm/ADT/StringRef.h:13,
                 from /usr/lib/llvm-6.0/include/llvm/ADT/StringMap.h:17,
                 from /usr/lib/llvm-6.0/include/llvm/Support/Host.h:17,
                 from /usr/lib/llvm-6.0/include/llvm/ADT/Hashing.h:49,
                 from /usr/lib/llvm-6.0/include/llvm/ADT/ArrayRef.h:13,
                 from /usr/lib/llvm-6.0/include/llvm/ADT/DenseMapInfo.h:17,
                 from /usr/lib/llvm-6.0/include/llvm/ADT/DenseMap.h:17,
                 from /usr/lib/llvm-6.0/include/llvm/Analysis/TargetLibraryInfo.h:13,
                 from /home/jg/klee/build/CMakeFiles/CMakeTmp/src.cxx:2:
/usr/lib/llvm-6.0/include/llvm/Support/SwapByteOrder.h: At global scope:
/usr/lib/llvm-6.0/include/llvm/Support/SwapByteOrder.h:30:8: error: ‘uint16_t’ does not name a type
 inline uint16_t SwapByteOrder_16(uint16_t value) {
        ^
/usr/lib/llvm-6.0/include/llvm/Support/SwapByteOrder.h:44:8: error: ‘uint32_t’ does not name a type
 inline uint32_t SwapByteOrder_32(uint32_t value) {
        ^
/usr/lib/llvm-6.0/include/llvm/Support/SwapByteOrder.h:60:8: error: ‘uint64_t’ does not name a type
 inline uint64_t SwapByteOrder_64(uint64_t value) {
        ^
/usr/lib/llvm-6.0/include/llvm/Support/SwapByteOrder.h: In function ‘short unsigned int llvm::sys::getSwappedBytes(short unsigned int)’:
/usr/lib/llvm-6.0/include/llvm/Support/SwapByteOrder.h:76:84: error: ‘SwapByteOrder_16’ was not declared in this scope
 inline unsigned short getSwappedBytes(unsigned short C) { return SwapByteOrder_16(C); }
                                                                                    ^
/usr/lib/llvm-6.0/include/llvm/Support/SwapByteOrder.h: In function ‘short int llvm::sys::getSwappedBytes(short int)’:
/usr/lib/llvm-6.0/include/llvm/Support/SwapByteOrder.h:77:84: error: ‘SwapByteOrder_16’ was not declared in this scope
 inline   signed short getSwappedBytes(  signed short C) { return SwapByteOrder_16(C); }
                                                                                    ^
/usr/lib/llvm-6.0/include/llvm/Support/SwapByteOrder.h: In function ‘unsigned int llvm::sys::getSwappedBytes(unsigned int)’:
/usr/lib/llvm-6.0/include/llvm/Support/SwapByteOrder.h:79:84: error: ‘SwapByteOrder_32’ was not declared in this scope
 inline unsigned int   getSwappedBytes(unsigned int   C) { return SwapByteOrder_32(C); }
                                                                                    ^
/usr/lib/llvm-6.0/include/llvm/Support/SwapByteOrder.h: In function ‘int llvm::sys::getSwappedBytes(int)’:
/usr/lib/llvm-6.0/include/llvm/Support/SwapByteOrder.h:80:84: error: ‘SwapByteOrder_32’ was not declared in this scope
 inline   signed int   getSwappedBytes(  signed int   C) { return SwapByteOrder_32(C); }
                                                                                    ^
/usr/lib/llvm-6.0/include/llvm/Support/SwapByteOrder.h: In function ‘long unsigned int llvm::sys::getSwappedBytes(long unsigned int)’:
/usr/lib/llvm-6.0/include/llvm/Support/SwapByteOrder.h:86:84: error: ‘SwapByteOrder_64’ was not declared in this scope
 inline unsigned long  getSwappedBytes(unsigned long  C) { return SwapByteOrder_64(C); }
                                                                                    ^
/usr/lib/llvm-6.0/include/llvm/Support/SwapByteOrder.h: In function ‘long int llvm::sys::getSwappedBytes(long int)’:
/usr/lib/llvm-6.0/include/llvm/Support/SwapByteOrder.h:87:84: error: ‘SwapByteOrder_64’ was not declared in this scope
 inline   signed long  getSwappedBytes(  signed long  C) { return SwapByteOrder_64(C); }
                                                                                    ^
/usr/lib/llvm-6.0/include/llvm/Support/SwapByteOrder.h: In function ‘long long unsigned int llvm::sys::getSwappedBytes(long long unsigned int)’:
/usr/lib/llvm-6.0/include/llvm/Support/SwapByteOrder.h:93:28: error: ‘SwapByteOrder_64’ was not declared in this scope
   return SwapByteOrder_64(C);
                            ^
/usr/lib/llvm-6.0/include/llvm/Support/SwapByteOrder.h: In function ‘long long int llvm::sys::getSwappedBytes(long long int)’:
/usr/lib/llvm-6.0/include/llvm/Support/SwapByteOrder.h:96:28: error: ‘SwapByteOrder_64’ was not declared in this scope
   return SwapByteOrder_64(C);
                            ^
/usr/lib/llvm-6.0/include/llvm/Support/SwapByteOrder.h: In function ‘float llvm::sys::getSwappedBytes(float)’:
/usr/lib/llvm-6.0/include/llvm/Support/SwapByteOrder.h:101:5: error: ‘uint32_t’ does not name a type
     uint32_t i;
     ^
/usr/lib/llvm-6.0/include/llvm/Support/SwapByteOrder.h:105:7: error: ‘union llvm::sys::getSwappedBytes(float)::<anonymous>’ has no member named ‘i’
   out.i = SwapByteOrder_32(in.i);
       ^
/usr/lib/llvm-6.0/include/llvm/Support/SwapByteOrder.h:105:31: error: ‘union llvm::sys::getSwappedBytes(float)::<anonymous>’ has no member named ‘i’
   out.i = SwapByteOrder_32(in.i);
                               ^
/usr/lib/llvm-6.0/include/llvm/Support/SwapByteOrder.h:105:32: error: ‘SwapByteOrder_32’ was not declared in this scope
   out.i = SwapByteOrder_32(in.i);
                                ^
/usr/lib/llvm-6.0/include/llvm/Support/SwapByteOrder.h: In function ‘double llvm::sys::getSwappedBytes(double)’:
/usr/lib/llvm-6.0/include/llvm/Support/SwapByteOrder.h:111:5: error: ‘uint64_t’ does not name a type
     uint64_t i;
     ^
/usr/lib/llvm-6.0/include/llvm/Support/SwapByteOrder.h:115:7: error: ‘union llvm::sys::getSwappedBytes(double)::<anonymous>’ has no member named ‘i’
   out.i = SwapByteOrder_64(in.i);
       ^
/usr/lib/llvm-6.0/include/llvm/Support/SwapByteOrder.h:115:31: error: ‘union llvm::sys::getSwappedBytes(double)::<anonymous>’ has no member named ‘i’
   out.i = SwapByteOrder_64(in.i);
                               ^
/usr/lib/llvm-6.0/include/llvm/Support/SwapByteOrder.h:115:32: error: ‘SwapByteOrder_64’ was not declared in this scope
   out.i = SwapByteOrder_64(in.i);
                                ^
In file included from /usr/lib/llvm-6.0/include/llvm/ADT/SmallVector.h:20:0,
                 from /usr/lib/llvm-6.0/include/llvm/ADT/STLExtras.h:21,
                 from /usr/lib/llvm-6.0/include/llvm/ADT/StringRef.h:13,
                 from /usr/lib/llvm-6.0/include/llvm/ADT/StringMap.h:17,
                 from /usr/lib/llvm-6.0/include/llvm/Support/Host.h:17,
                 from /usr/lib/llvm-6.0/include/llvm/ADT/Hashing.h:49,
                 from /usr/lib/llvm-6.0/include/llvm/ADT/ArrayRef.h:13,
                 from /usr/lib/llvm-6.0/include/llvm/ADT/DenseMapInfo.h:17,
                 from /usr/lib/llvm-6.0/include/llvm/ADT/DenseMap.h:17,
                 from /usr/lib/llvm-6.0/include/llvm/Analysis/TargetLibraryInfo.h:13,
                 from /home/jg/klee/build/CMakeFiles/CMakeTmp/src.cxx:2:
/usr/lib/llvm-6.0/include/llvm/Support/MathExtras.h: In function ‘T llvm::maskTrailingOnes(unsigned int)’:
/usr/lib/llvm-6.0/include/llvm/Support/MathExtras.h:205:17: error: ‘is_unsigned’ is not a member of ‘std’
   static_assert(std::is_unsigned<T>::value, "Invalid type!");
                 ^
/usr/lib/llvm-6.0/include/llvm/Support/MathExtras.h:205:35: error: expected primary-expression before ‘>’ token
   static_assert(std::is_unsigned<T>::value, "Invalid type!");
                                   ^
/usr/lib/llvm-6.0/include/llvm/Support/MathExtras.h:205:36: error: ‘::value’ has not been declared
   static_assert(std::is_unsigned<T>::value, "Invalid type!");
                                    ^
/usr/lib/llvm-6.0/include/llvm/Support/MathExtras.h:205:60: error: there are no arguments to ‘static_assert’ that depend on a template parameter, so a declaration of ‘static_assert’ must be available [-fpermissive]
   static_assert(std::is_unsigned<T>::value, "Invalid type!");
                                                            ^
/usr/lib/llvm-6.0/include/llvm/Support/MathExtras.h: At global scope:
/usr/lib/llvm-6.0/include/llvm/Support/MathExtras.h:276:1: error: ‘constexpr’ does not name a type
 constexpr inline uint32_t Hi_32(uint64_t Value) {
 ^
/usr/lib/llvm-6.0/include/llvm/Support/MathExtras.h:276:1: note: C++11 ‘constexpr’ only available with -std=c++11 or -std=gnu++11
/usr/lib/llvm-6.0/include/llvm/Support/MathExtras.h:281:1: error: ‘constexpr’ does not name a type
 constexpr inline uint32_t Lo_32(uint64_t Value) {
 ^
/usr/lib/llvm-6.0/include/llvm/Support/MathExtras.h:281:1: note: C++11 ‘constexpr’ only available with -std=c++11 or -std=gnu++11
/usr/lib/llvm-6.0/include/llvm/Support/MathExtras.h:286:1: error: ‘constexpr’ does not name a type
 constexpr inline uint64_t Make_64(uint32_t High, uint32_t Low) {
 ^
/usr/lib/llvm-6.0/include/llvm/Support/MathExtras.h:286:1: note: C++11 ‘constexpr’ only available with -std=c++11 or -std=gnu++11
/usr/lib/llvm-6.0/include/llvm/Support/MathExtras.h:291:23: error: ‘constexpr’ does not name a type
 template <unsigned N> constexpr inline bool isInt(int64_t x) {
                       ^
/usr/lib/llvm-6.0/include/llvm/Support/MathExtras.h:291:23: note: C++11 ‘constexpr’ only available with -std=c++11 or -std=gnu++11
/usr/lib/llvm-6.0/include/llvm/Support/MathExtras.h:295:13: error: ‘constexpr’ does not name a type
 template <> constexpr inline bool isInt<8>(int64_t x) {
             ^
/usr/lib/llvm-6.0/include/llvm/Support/MathExtras.h:295:13: note: C++11 ‘constexpr’ only available with -std=c++11 or -std=gnu++11
/usr/lib/llvm-6.0/include/llvm/Support/MathExtras.h:298:13: error: ‘constexpr’ does not name a type
 template <> constexpr inline bool isInt<16>(int64_t x) {
             ^
/usr/lib/llvm-6.0/include/llvm/Support/MathExtras.h:298:13: note: C++11 ‘constexpr’ only available with -std=c++11 or -std=gnu++11
/usr/lib/llvm-6.0/include/llvm/Support/MathExtras.h:301:13: error: ‘constexpr’ does not name a type
 template <> constexpr inline bool isInt<32>(int64_t x) {
             ^
/usr/lib/llvm-6.0/include/llvm/Support/MathExtras.h:301:13: note: C++11 ‘constexpr’ only available with -std=c++11 or -std=gnu++11
/usr/lib/llvm-6.0/include/llvm/Support/MathExtras.h:307:1: error: ‘constexpr’ does not name a type
 constexpr inline bool isShiftedInt(int64_t x) {
 ^
/usr/lib/llvm-6.0/include/llvm/Support/MathExtras.h:307:1: note: C++11 ‘constexpr’ only available with -std=c++11 or -std=gnu++11
/usr/lib/llvm-6.0/include/llvm/Support/MathExtras.h:323:1: error: ‘constexpr’ does not name a type
 constexpr inline typename std::enable_if<(N < 64), bool>::type
 ^
/usr/lib/llvm-6.0/include/llvm/Support/MathExtras.h:323:1: note: C++11 ‘constexpr’ only available with -std=c++11 or -std=gnu++11
/usr/lib/llvm-6.0/include/llvm/Support/MathExtras.h:329:1: error: ‘constexpr’ does not name a type
 constexpr inline typename std::enable_if<N >= 64, bool>::type
 ^
/usr/lib/llvm-6.0/include/llvm/Support/MathExtras.h:329:1: note: C++11 ‘constexpr’ only available with -std=c++11 or -std=gnu++11
/usr/lib/llvm-6.0/include/llvm/Support/MathExtras.h:335:13: error: ‘constexpr’ does not name a type
 template <> constexpr inline bool isUInt<8>(uint64_t x) {
             ^
/usr/lib/llvm-6.0/include/llvm/Support/MathExtras.h:335:13: note: C++11 ‘constexpr’ only available with -std=c++11 or -std=gnu++11
/usr/lib/llvm-6.0/include/llvm/Support/MathExtras.h:338:13: error: ‘constexpr’ does not name a type
 template <> constexpr inline bool isUInt<16>(uint64_t x) {
             ^
/usr/lib/llvm-6.0/include/llvm/Support/MathExtras.h:338:13: note: C++11 ‘constexpr’ only available with -std=c++11 or -std=gnu++11
/usr/lib/llvm-6.0/include/llvm/Support/MathExtras.h:341:13: error: ‘constexpr’ does not name a type
 template <> constexpr inline bool isUInt<32>(uint64_t x) {
             ^
/usr/lib/llvm-6.0/include/llvm/Support/MathExtras.h:341:13: note: C++11 ‘constexpr’ only available with -std=c++11 or -std=gnu++11
/usr/lib/llvm-6.0/include/llvm/Support/MathExtras.h:347:1: error: ‘constexpr’ does not name a type
 constexpr inline bool isShiftedUInt(uint64_t x) {
 ^
/usr/lib/llvm-6.0/include/llvm/Support/MathExtras.h:347:1: note: C++11 ‘constexpr’ only available with -std=c++11 or -std=gnu++11
/usr/lib/llvm-6.0/include/llvm/Support/MathExtras.h:358:8: error: ‘uint64_t’ does not name a type
 inline uint64_t maxUIntN(uint64_t N) {
        ^
/usr/lib/llvm-6.0/include/llvm/Support/MathExtras.h: In function ‘int64_t llvm::minIntN(int64_t)’:
/usr/lib/llvm-6.0/include/llvm/Support/MathExtras.h:372:22: error: ‘UINT64_C’ was not declared in this scope
   return -(UINT64_C(1)<<(N-1));
                      ^
/usr/lib/llvm-6.0/include/llvm/Support/MathExtras.h: In function ‘int64_t llvm::maxIntN(int64_t)’:
/usr/lib/llvm-6.0/include/llvm/Support/MathExtras.h:381:21: error: ‘UINT64_C’ was not declared in this scope
   return (UINT64_C(1) << (N - 1)) - 1;
                     ^
/usr/lib/llvm-6.0/include/llvm/Support/MathExtras.h: At global scope:
/usr/lib/llvm-6.0/include/llvm/Support/MathExtras.h:385:33: error: ‘uint64_t’ has not been declared
 inline bool isUIntN(unsigned N, uint64_t x) {
                                 ^
/usr/lib/llvm-6.0/include/llvm/Support/MathExtras.h: In function ‘bool llvm::isUIntN(unsigned int, int)’:
/usr/lib/llvm-6.0/include/llvm/Support/MathExtras.h:386:36: error: ‘maxUIntN’ was not declared in this scope
   return N >= 64 || x <= maxUIntN(N);
                                    ^
/usr/lib/llvm-6.0/include/llvm/Support/MathExtras.h: At global scope:
/usr/lib/llvm-6.0/include/llvm/Support/MathExtras.h:397:1: error: ‘constexpr’ does not name a type
 constexpr inline bool isMask_32(uint32_t Value) {
 ^
/usr/lib/llvm-6.0/include/llvm/Support/MathExtras.h:397:1: note: C++11 ‘constexpr’ only available with -std=c++11 or -std=gnu++11
/usr/lib/llvm-6.0/include/llvm/Support/MathExtras.h:403:1: error: ‘constexpr’ does not name a type
 constexpr inline bool isMask_64(uint64_t Value) {
 ^
/usr/lib/llvm-6.0/include/llvm/Support/MathExtras.h:403:1: note: C++11 ‘constexpr’ only available with -std=c++11 or -std=gnu++11
/usr/lib/llvm-6.0/include/llvm/Support/MathExtras.h:409:1: error: ‘constexpr’ does not name a type
 constexpr inline bool isShiftedMask_32(uint32_t Value) {
 ^
/usr/lib/llvm-6.0/include/llvm/Support/MathExtras.h:409:1: note: C++11 ‘constexpr’ only available with -std=c++11 or -std=gnu++11
/usr/lib/llvm-6.0/include/llvm/Support/MathExtras.h:415:1: error: ‘constexpr’ does not name a type
 constexpr inline bool isShiftedMask_64(uint64_t Value) {
 ^
/usr/lib/llvm-6.0/include/llvm/Support/MathExtras.h:415:1: note: C++11 ‘constexpr’ only available with -std=c++11 or -std=gnu++11
/usr/lib/llvm-6.0/include/llvm/Support/MathExtras.h:421:1: error: ‘constexpr’ does not name a type
 constexpr inline bool isPowerOf2_32(uint32_t Value) {
 ^
/usr/lib/llvm-6.0/include/llvm/Support/MathExtras.h:421:1: note: C++11 ‘constexpr’ only available with -std=c++11 or -std=gnu++11
/usr/lib/llvm-6.0/include/llvm/Support/MathExtras.h:426:1: error: ‘constexpr’ does not name a type
 constexpr inline bool isPowerOf2_64(uint64_t Value) {
 ^
/usr/lib/llvm-6.0/include/llvm/Support/MathExtras.h:426:1: note: C++11 ‘constexpr’ only available with -std=c++11 or -std=gnu++11
/usr/lib/llvm-6.0/include/llvm/Support/MathExtras.h:431:8: error: ‘uint16_t’ does not name a type
 inline uint16_t ByteSwap_16(uint16_t Value) {
        ^
/usr/lib/llvm-6.0/include/llvm/Support/MathExtras.h:436:8: error: ‘uint32_t’ does not name a type
 inline uint32_t ByteSwap_32(uint32_t Value) {
        ^
/usr/lib/llvm-6.0/include/llvm/Support/MathExtras.h:441:8: error: ‘uint64_t’ does not name a type
 inline uint64_t ByteSwap_64(uint64_t Value) {
        ^
/usr/lib/llvm-6.0/include/llvm/Support/MathExtras.h: In static member function ‘static unsigned int llvm::detail::PopulationCounter<T, SizeOfT>::count(T)’:
/usr/lib/llvm-6.0/include/llvm/Support/MathExtras.h:481:51: error: there are no arguments to ‘static_assert’ that depend on a template parameter, so a declaration of ‘static_assert’ must be available [-fpermissive]
     static_assert(SizeOfT <= 4, "Not implemented!");
                                                   ^
/usr/lib/llvm-6.0/include/llvm/Support/MathExtras.h: At global scope:
/usr/lib/llvm-6.0/include/llvm/Support/MathExtras.h:531:25: error: ‘llvm::Log2_32’ declared as an ‘inline’ variable
 inline unsigned Log2_32(uint32_t Value) {
                         ^
/usr/lib/llvm-6.0/include/llvm/Support/MathExtras.h:531:25: error: ‘uint32_t’ was not declared in this scope
/usr/lib/llvm-6.0/include/llvm/Support/MathExtras.h:531:41: error: expected ‘,’ or ‘;’ before ‘{’ token
 inline unsigned Log2_32(uint32_t Value) {
                                         ^
/usr/lib/llvm-6.0/include/llvm/Support/MathExtras.h:537:25: error: ‘llvm::Log2_64’ declared as an ‘inline’ variable
 inline unsigned Log2_64(uint64_t Value) {
                         ^
/usr/lib/llvm-6.0/include/llvm/Support/MathExtras.h:537:25: error: ‘uint64_t’ was not declared in this scope
/usr/lib/llvm-6.0/include/llvm/Support/MathExtras.h:537:41: error: expected ‘,’ or ‘;’ before ‘{’ token
 inline unsigned Log2_64(uint64_t Value) {
                                         ^
/usr/lib/llvm-6.0/include/llvm/Support/MathExtras.h:544:30: error: ‘llvm::Log2_32_Ceil’ declared as an ‘inline’ variable
 inline unsigned Log2_32_Ceil(uint32_t Value) {
                              ^
/usr/lib/llvm-6.0/include/llvm/Support/MathExtras.h:544:30: error: ‘uint32_t’ was not declared in this scope
/usr/lib/llvm-6.0/include/llvm/Support/MathExtras.h:544:46: error: expected ‘,’ or ‘;’ before ‘{’ token
 inline unsigned Log2_32_Ceil(uint32_t Value) {
                                              ^
/usr/lib/llvm-6.0/include/llvm/Support/MathExtras.h:550:30: error: ‘llvm::Log2_64_Ceil’ declared as an ‘inline’ variable
 inline unsigned Log2_64_Ceil(uint64_t Value) {
                              ^
/usr/lib/llvm-6.0/include/llvm/Support/MathExtras.h:550:30: error: ‘uint64_t’ was not declared in this scope
/usr/lib/llvm-6.0/include/llvm/Support/MathExtras.h:550:46: error: expected ‘,’ or ‘;’ before ‘{’ token
 inline unsigned Log2_64_Ceil(uint64_t Value) {
                                              ^
/usr/lib/llvm-6.0/include/llvm/Support/MathExtras.h:555:8: error: ‘uint64_t’ does not name a type
 inline uint64_t GreatestCommonDivisor64(uint64_t A, uint64_t B) {
        ^
/usr/lib/llvm-6.0/include/llvm/Support/MathExtras.h:565:28: error: ‘llvm::BitsToDouble’ declared as an ‘inline’ variable
 inline double BitsToDouble(uint64_t Bits) {
                            ^
/usr/lib/llvm-6.0/include/llvm/Support/MathExtras.h:565:28: error: ‘uint64_t’ was not declared in this scope
/usr/lib/llvm-6.0/include/llvm/Support/MathExtras.h:565:43: error: expected ‘,’ or ‘;’ before ‘{’ token
 inline double BitsToDouble(uint64_t Bits) {
                                           ^
/usr/lib/llvm-6.0/include/llvm/Support/MathExtras.h:573:26: error: ‘llvm::BitsToFloat’ declared as an ‘inline’ variable
 inline float BitsToFloat(uint32_t Bits) {
                          ^
/usr/lib/llvm-6.0/include/llvm/Support/MathExtras.h:573:26: error: ‘uint32_t’ was not declared in this scope
/usr/lib/llvm-6.0/include/llvm/Support/MathExtras.h:573:41: error: expected ‘,’ or ‘;’ before ‘{’ token
 inline float BitsToFloat(uint32_t Bits) {
                                         ^
/usr/lib/llvm-6.0/include/llvm/Support/MathExtras.h:583:8: error: ‘uint64_t’ does not name a type
 inline uint64_t DoubleToBits(double Double) {
        ^
/usr/lib/llvm-6.0/include/llvm/Support/MathExtras.h:593:8: error: ‘uint32_t’ does not name a type
 inline uint32_t FloatToBits(float Float) {
        ^
/usr/lib/llvm-6.0/include/llvm/Support/MathExtras.h:602:1: error: ‘constexpr’ does not name a type
 constexpr inline uint64_t MinAlign(uint64_t A, uint64_t B) {
 ^
/usr/lib/llvm-6.0/include/llvm/Support/MathExtras.h:602:1: note: C++11 ‘constexpr’ only available with -std=c++11 or -std=gnu++11
/usr/lib/llvm-6.0/include/llvm/Support/MathExtras.h:615:8: error: ‘uintptr_t’ does not name a type
 inline uintptr_t alignAddr(const void *Addr, size_t Alignment) {
        ^
/usr/lib/llvm-6.0/include/llvm/Support/MathExtras.h: In function ‘size_t llvm::alignmentAdjustment(const void*, size_t)’:
/usr/lib/llvm-6.0/include/llvm/Support/MathExtras.h:627:34: error: ‘alignAddr’ was not declared in this scope
   return alignAddr(Ptr, Alignment) - (uintptr_t)Ptr;
                                  ^
/usr/lib/llvm-6.0/include/llvm/Support/MathExtras.h:627:39: error: ‘uintptr_t’ was not declared in this scope
   return alignAddr(Ptr, Alignment) - (uintptr_t)Ptr;
                                       ^
/usr/lib/llvm-6.0/include/llvm/Support/MathExtras.h:627:49: error: expected ‘;’ before ‘Ptr’
   return alignAddr(Ptr, Alignment) - (uintptr_t)Ptr;
                                                 ^
/usr/lib/llvm-6.0/include/llvm/Support/MathExtras.h:627:52: warning: statement has no effect [-Wunused-value]
   return alignAddr(Ptr, Alignment) - (uintptr_t)Ptr;
                                                    ^
/usr/lib/llvm-6.0/include/llvm/Support/MathExtras.h: At global scope:
/usr/lib/llvm-6.0/include/llvm/Support/MathExtras.h:632:8: error: ‘uint64_t’ does not name a type
 inline uint64_t NextPowerOf2(uint64_t A) {
        ^
/usr/lib/llvm-6.0/include/llvm/Support/MathExtras.h:644:8: error: ‘uint64_t’ does not name a type
 inline uint64_t PowerOf2Floor(uint64_t A) {
        ^
/usr/lib/llvm-6.0/include/llvm/Support/MathExtras.h:651:8: error: ‘uint64_t’ does not name a type
 inline uint64_t PowerOf2Ceil(uint64_t A) {
        ^
/usr/lib/llvm-6.0/include/llvm/Support/MathExtras.h:677:8: error: ‘uint64_t’ does not name a type
 inline uint64_t alignTo(uint64_t Value, uint64_t Align, uint64_t Skew = 0) {
        ^
/usr/lib/llvm-6.0/include/llvm/Support/MathExtras.h:685:11: error: ‘uint64_t’ has not been declared
 template <uint64_t Align> constexpr inline uint64_t alignTo(uint64_t Value) {
           ^
/usr/lib/llvm-6.0/include/llvm/Support/MathExtras.h:685:27: error: ‘constexpr’ does not name a type
 template <uint64_t Align> constexpr inline uint64_t alignTo(uint64_t Value) {
                           ^
/usr/lib/llvm-6.0/include/llvm/Support/MathExtras.h:685:27: note: C++11 ‘constexpr’ only available with -std=c++11 or -std=gnu++11
/usr/lib/llvm-6.0/include/llvm/Support/MathExtras.h:691:8: error: ‘uint64_t’ does not name a type
 inline uint64_t divideCeil(uint64_t Numerator, uint64_t Denominator) {
        ^
/usr/lib/llvm-6.0/include/llvm/Support/MathExtras.h:699:11: error: ‘uint64_t’ has not been declared
 template <uint64_t Align>
           ^
/usr/lib/llvm-6.0/include/llvm/Support/MathExtras.h:701:17: error: ‘Align’ is not a type
   static_assert(Align != 0u, "Align must be non-zero");
                 ^
/usr/lib/llvm-6.0/include/llvm/Support/MathExtras.h:701:23: error: expected ‘,’ or ‘...’ before ‘!=’ token
   static_assert(Align != 0u, "Align must be non-zero");
                       ^
/usr/lib/llvm-6.0/include/llvm/Support/MathExtras.h:701:54: error: ISO C++ forbids declaration of ‘static_assert’ with no type [-fpermissive]
   static_assert(Align != 0u, "Align must be non-zero");
                                                      ^
/usr/lib/llvm-6.0/include/llvm/Support/MathExtras.h:702:13: error: ‘uint64_t’ has not been declared
   template <uint64_t Value>
             ^
/usr/lib/llvm-6.0/include/llvm/Support/MathExtras.h:704:18: error: ‘uint64_t’ does not name a type
     static const uint64_t value = (Value + Align - 1) / Align * Align;
                  ^
/usr/lib/llvm-6.0/include/llvm/Support/MathExtras.h:710:8: error: ‘uint64_t’ does not name a type
 inline uint64_t alignDown(uint64_t Value, uint64_t Align, uint64_t Skew = 0) {
        ^
/usr/lib/llvm-6.0/include/llvm/Support/MathExtras.h:719:8: error: ‘uint64_t’ does not name a type
 inline uint64_t OffsetToAlignment(uint64_t Value, uint64_t Align) {
        ^
/usr/lib/llvm-6.0/include/llvm/Support/MathExtras.h:725:23: error: ‘constexpr’ does not name a type
 template <unsigned B> constexpr inline int32_t SignExtend32(uint32_t X) {
                       ^
/usr/lib/llvm-6.0/include/llvm/Support/MathExtras.h:725:23: note: C++11 ‘constexpr’ only available with -std=c++11 or -std=gnu++11
/usr/lib/llvm-6.0/include/llvm/Support/MathExtras.h:733:29: error: ‘llvm::SignExtend32’ declared as an ‘inline’ variable
 inline int32_t SignExtend32(uint32_t X, unsigned B) {
                             ^
/usr/lib/llvm-6.0/include/llvm/Support/MathExtras.h:733:29: error: ‘uint32_t’ was not declared in this scope
/usr/lib/llvm-6.0/include/llvm/Support/MathExtras.h:733:41: error: expected primary-expression before ‘unsigned’
 inline int32_t SignExtend32(uint32_t X, unsigned B) {
                                         ^
/usr/lib/llvm-6.0/include/llvm/Support/MathExtras.h:733:51: error: expression list treated as compound expression in initializer [-fpermissive]
 inline int32_t SignExtend32(uint32_t X, unsigned B) {
                                                   ^
/usr/lib/llvm-6.0/include/llvm/Support/MathExtras.h:733:53: error: expected ‘,’ or ‘;’ before ‘{’ token
 inline int32_t SignExtend32(uint32_t X, unsigned B) {
                                                     ^
/usr/lib/llvm-6.0/include/llvm/Support/MathExtras.h:741:23: error: ‘constexpr’ does not name a type
 template <unsigned B> constexpr inline int64_t SignExtend64(uint64_t x) {
                       ^
/usr/lib/llvm-6.0/include/llvm/Support/MathExtras.h:741:23: note: C++11 ‘constexpr’ only available with -std=c++11 or -std=gnu++11
/usr/lib/llvm-6.0/include/llvm/Support/MathExtras.h:749:29: error: ‘llvm::SignExtend64’ declared as an ‘inline’ variable
 inline int64_t SignExtend64(uint64_t X, unsigned B) {
                             ^
/usr/lib/llvm-6.0/include/llvm/Support/MathExtras.h:749:29: error: ‘uint64_t’ was not declared in this scope
/usr/lib/llvm-6.0/include/llvm/Support/MathExtras.h:749:41: error: expected primary-expression before ‘unsigned’
 inline int64_t SignExtend64(uint64_t X, unsigned B) {
                                         ^
/usr/lib/llvm-6.0/include/llvm/Support/MathExtras.h:749:51: error: expression list treated as compound expression in initializer [-fpermissive]
 inline int64_t SignExtend64(uint64_t X, unsigned B) {
                                                   ^
/usr/lib/llvm-6.0/include/llvm/Support/MathExtras.h:749:53: error: expected ‘,’ or ‘;’ before ‘{’ token
 inline int64_t SignExtend64(uint64_t X, unsigned B) {
                                                     ^
/usr/lib/llvm-6.0/include/llvm/Support/MathExtras.h:758:15: error: ‘enable_if’ in namespace ‘std’ does not name a template type
 typename std::enable_if<std::is_unsigned<T>::value, T>::type
               ^
/usr/lib/llvm-6.0/include/llvm/Support/MathExtras.h:758:24: error: expected unqualified-id before ‘<’ token
 typename std::enable_if<std::is_unsigned<T>::value, T>::type
                        ^
/usr/lib/llvm-6.0/include/llvm/Support/MathExtras.h:767:15: error: ‘enable_if’ in namespace ‘std’ does not name a template type
 typename std::enable_if<std::is_unsigned<T>::value, T>::type
               ^
/usr/lib/llvm-6.0/include/llvm/Support/MathExtras.h:767:24: error: expected unqualified-id before ‘<’ token
 typename std::enable_if<std::is_unsigned<T>::value, T>::type
                        ^
/usr/lib/llvm-6.0/include/llvm/Support/MathExtras.h:784:15: error: ‘enable_if’ in namespace ‘std’ does not name a template type
 typename std::enable_if<std::is_unsigned<T>::value, T>::type
               ^
/usr/lib/llvm-6.0/include/llvm/Support/MathExtras.h:784:24: error: expected unqualified-id before ‘<’ token
 typename std::enable_if<std::is_unsigned<T>::value, T>::type
                        ^
/usr/lib/llvm-6.0/include/llvm/Support/MathExtras.h:830:15: error: ‘enable_if’ in namespace ‘std’ does not name a template type
 typename std::enable_if<std::is_unsigned<T>::value, T>::type
               ^
/usr/lib/llvm-6.0/include/llvm/Support/MathExtras.h:830:24: error: expected unqualified-id before ‘<’ token
 typename std::enable_if<std::is_unsigned<T>::value, T>::type
                        ^
In file included from /usr/lib/llvm-6.0/include/llvm/ADT/SmallVector.h:22:0,
                 from /usr/lib/llvm-6.0/include/llvm/ADT/STLExtras.h:21,
                 from /usr/lib/llvm-6.0/include/llvm/ADT/StringRef.h:13,
                 from /usr/lib/llvm-6.0/include/llvm/ADT/StringMap.h:17,
                 from /usr/lib/llvm-6.0/include/llvm/Support/Host.h:17,
                 from /usr/lib/llvm-6.0/include/llvm/ADT/Hashing.h:49,
                 from /usr/lib/llvm-6.0/include/llvm/ADT/ArrayRef.h:13,
                 from /usr/lib/llvm-6.0/include/llvm/ADT/DenseMapInfo.h:17,
                 from /usr/lib/llvm-6.0/include/llvm/ADT/DenseMap.h:17,
                 from /usr/lib/llvm-6.0/include/llvm/Analysis/TargetLibraryInfo.h:13,
                 from /home/jg/klee/build/CMakeFiles/CMakeTmp/src.cxx:2:
/usr/lib/llvm-6.0/include/llvm/Support/ErrorHandling.h:47:54: error: ‘nullptr’ was not declared in this scope
                                    void *user_data = nullptr);
                                                      ^
/usr/lib/llvm-6.0/include/llvm/Support/ErrorHandling.h:57:56: error: ‘nullptr’ was not declared in this scope
                                      void *user_data = nullptr) {
                                                        ^
/usr/lib/llvm-6.0/include/llvm/Support/ErrorHandling.h:98:56: error: ‘nullptr’ was not declared in this scope
                                      void *user_data = nullptr);
                                                        ^
/usr/lib/llvm-6.0/include/llvm/Support/ErrorHandling.h:121:45: error: ‘nullptr’ was not declared in this scope
 llvm_unreachable_internal(const char *msg = nullptr, const char *file = nullptr,
                                             ^
/usr/lib/llvm-6.0/include/llvm/Support/ErrorHandling.h:121:73: error: ‘nullptr’ was not declared in this scope
 llvm_unreachable_internal(const char *msg = nullptr, const char *file = nullptr,
                                                                         ^
In file included from /usr/lib/llvm-6.0/include/llvm/ADT/STLExtras.h:21:0,
                 from /usr/lib/llvm-6.0/include/llvm/ADT/StringRef.h:13,
                 from /usr/lib/llvm-6.0/include/llvm/ADT/StringMap.h:17,
                 from /usr/lib/llvm-6.0/include/llvm/Support/Host.h:17,
                 from /usr/lib/llvm-6.0/include/llvm/ADT/Hashing.h:49,
                 from /usr/lib/llvm-6.0/include/llvm/ADT/ArrayRef.h:13,
                 from /usr/lib/llvm-6.0/include/llvm/ADT/DenseMapInfo.h:17,
                 from /usr/lib/llvm-6.0/include/llvm/ADT/DenseMap.h:17,
                 from /usr/lib/llvm-6.0/include/llvm/Analysis/TargetLibraryInfo.h:13,
                 from /home/jg/klee/build/CMakeFiles/CMakeTmp/src.cxx:2:
/usr/lib/llvm-6.0/include/llvm/ADT/SmallVector.h:75:9: error: expected nested-name-specifier before ‘U’
   using U = AlignedCharArrayUnion<T>;
         ^
/usr/lib/llvm-6.0/include/llvm/ADT/SmallVector.h:76:3: error: ‘U’ does not name a type
   U FirstEl;
   ^
/usr/lib/llvm-6.0/include/llvm/ADT/SmallVector.h:100:9: error: expected nested-name-specifier before ‘size_type’
   using size_type = size_t;
         ^
/usr/lib/llvm-6.0/include/llvm/ADT/SmallVector.h:101:9: error: expected nested-name-specifier before ‘difference_type’
   using difference_type = ptrdiff_t;
         ^
/usr/lib/llvm-6.0/include/llvm/ADT/SmallVector.h:102:9: error: expected nested-name-specifier before ‘value_type’
   using value_type = T;
         ^
/usr/lib/llvm-6.0/include/llvm/ADT/SmallVector.h:103:9: error: expected nested-name-specifier before ‘iterator’
   using iterator = T *;
         ^
/usr/lib/llvm-6.0/include/llvm/ADT/SmallVector.h:104:9: error: expected nested-name-specifier before ‘const_iterator’
   using const_iterator = const T *;
         ^
/usr/lib/llvm-6.0/include/llvm/ADT/SmallVector.h:106:9: error: expected nested-name-specifier before ‘const_reverse_iterator’
   using const_reverse_iterator = std::reverse_iterator<const_iterator>;
         ^
/usr/lib/llvm-6.0/include/llvm/ADT/SmallVector.h:107:9: error: expected nested-name-specifier before ‘reverse_iterator’
   using reverse_iterator = std::reverse_iterator<iterator>;
         ^
/usr/lib/llvm-6.0/include/llvm/ADT/SmallVector.h:109:9: error: expected nested-name-specifier before ‘reference’
   using reference = T &;
         ^
/usr/lib/llvm-6.0/include/llvm/ADT/SmallVector.h:110:9: error: expected nested-name-specifier before ‘const_reference’
   using const_reference = const T &;
         ^
/usr/lib/llvm-6.0/include/llvm/ADT/SmallVector.h:111:9: error: expected nested-name-specifier before ‘pointer’
   using pointer = T *;
         ^
/usr/lib/llvm-6.0/include/llvm/ADT/SmallVector.h:112:9: error: expected nested-name-specifier before ‘const_pointer’
   using const_pointer = const T *;
         ^
/usr/lib/llvm-6.0/include/llvm/ADT/SmallVector.h:116:3: error: ‘iterator’ does not name a type
   iterator begin() { return (iterator)this->BeginX; }
   ^
/usr/lib/llvm-6.0/include/llvm/ADT/SmallVector.h:118:3: error: ‘const_iterator’ does not name a type
   const_iterator begin() const { return (const_iterator)this->BeginX; }
   ^
/usr/lib/llvm-6.0/include/llvm/ADT/SmallVector.h:120:3: error: ‘iterator’ does not name a type
   iterator end() { return (iterator)this->EndX; }
   ^
/usr/lib/llvm-6.0/include/llvm/ADT/SmallVector.h:122:3: error: ‘const_iterator’ does not name a type
   const_iterator end() const { return (const_iterator)this->EndX; }
   ^
/usr/lib/llvm-6.0/include/llvm/ADT/SmallVector.h:125:3: error: ‘iterator’ does not name a type
   iterator capacity_ptr() { return (iterator)this->CapacityX; }
   ^
/usr/lib/llvm-6.0/include/llvm/ADT/SmallVector.h:126:3: error: ‘const_iterator’ does not name a type
   const_iterator capacity_ptr() const { return (const_iterator)this->CapacityX;}
   ^
/usr/lib/llvm-6.0/include/llvm/ADT/SmallVector.h:130:3: error: ‘reverse_iterator’ does not name a type
   reverse_iterator rbegin()            { return reverse_iterator(end()); }
   ^
/usr/lib/llvm-6.0/include/llvm/ADT/SmallVector.h:131:3: error: ‘const_reverse_iterator’ does not name a type
   const_reverse_iterator rbegin() const{ return const_reverse_iterator(end()); }
   ^
/usr/lib/llvm-6.0/include/llvm/ADT/SmallVector.h:132:3: error: ‘reverse_iterator’ does not name a type
   reverse_iterator rend()              { return reverse_iterator(begin()); }
   ^
/usr/lib/llvm-6.0/include/llvm/ADT/SmallVector.h:133:3: error: ‘const_reverse_iterator’ does not name a type
   const_reverse_iterator rend() const { return const_reverse_iterator(begin());}
   ^
/usr/lib/llvm-6.0/include/llvm/ADT/SmallVector.h:136:3: error: ‘size_type’ does not name a type
   size_type size() const { return end()-begin(); }
   ^
/usr/lib/llvm-6.0/include/llvm/ADT/SmallVector.h:137:3: error: ‘size_type’ does not name a type
   size_type max_size() const { return size_type(-1) / sizeof(T); }
   ^
/usr/lib/llvm-6.0/include/llvm/ADT/SmallVector.h:143:3: error: ‘pointer’ does not name a type
   pointer data() { return pointer(begin()); }
   ^
/usr/lib/llvm-6.0/include/llvm/ADT/SmallVector.h:145:3: error: ‘const_pointer’ does not name a type
   const_pointer data() const { return const_pointer(begin()); }
   ^
/usr/lib/llvm-6.0/include/llvm/ADT/SmallVector.h:148:3: error: ‘reference’ does not name a type
   reference operator[](size_type idx) {
   ^
/usr/lib/llvm-6.0/include/llvm/ADT/SmallVector.h:153:3: error: ‘const_reference’ does not name a type
   const_reference operator[](size_type idx) const {
   ^
/usr/lib/llvm-6.0/include/llvm/ADT/SmallVector.h:158:3: error: ‘reference’ does not name a type
   reference front() {
   ^
/usr/lib/llvm-6.0/include/llvm/ADT/SmallVector.h:162:3: error: ‘const_reference’ does not name a type
   const_reference front() const {
   ^
/usr/lib/llvm-6.0/include/llvm/ADT/SmallVector.h:167:3: error: ‘reference’ does not name a type
   reference back() {
   ^
/usr/lib/llvm-6.0/include/llvm/ADT/SmallVector.h:171:3: error: ‘const_reference’ does not name a type
   const_reference back() const {
   ^
/usr/lib/llvm-6.0/include/llvm/ADT/SmallVector.h: In constructor ‘llvm::SmallVectorTemplateCommon<T, <template-parameter-1-2> >::SmallVectorTemplateCommon(size_t)’:
/usr/lib/llvm-6.0/include/llvm/ADT/SmallVector.h:80:61: error: ‘FirstEl’ was not declared in this scope
   SmallVectorTemplateCommon(size_t Size) : SmallVectorBase(&FirstEl, Size) {}
                                                             ^
/usr/lib/llvm-6.0/include/llvm/ADT/SmallVector.h: In member function ‘void llvm::SmallVectorTemplateCommon<T, <template-parameter-1-2> >::grow_pod(size_t, size_t)’:
/usr/lib/llvm-6.0/include/llvm/ADT/SmallVector.h:83:32: error: ‘FirstEl’ was not declared in this scope
     SmallVectorBase::grow_pod(&FirstEl, MinSizeInBytes, TSize);
                                ^
/usr/lib/llvm-6.0/include/llvm/ADT/SmallVector.h: In member function ‘bool llvm::SmallVectorTemplateCommon<T, <template-parameter-1-2> >::isSmall() const’:
/usr/lib/llvm-6.0/include/llvm/ADT/SmallVector.h:89:48: error: ‘FirstEl’ was not declared in this scope
     return BeginX == static_cast<const void*>(&FirstEl);
                                                ^
/usr/lib/llvm-6.0/include/llvm/ADT/SmallVector.h: In member function ‘void llvm::SmallVectorTemplateCommon<T, <template-parameter-1-2> >::resetToSmall()’:
/usr/lib/llvm-6.0/include/llvm/ADT/SmallVector.h:94:34: error: ‘FirstEl’ was not declared in this scope
     BeginX = EndX = CapacityX = &FirstEl;
                                  ^
/usr/lib/llvm-6.0/include/llvm/ADT/SmallVector.h: In member function ‘size_t llvm::SmallVectorTemplateCommon<T, <template-parameter-1-2> >::capacity() const’:
/usr/lib/llvm-6.0/include/llvm/ADT/SmallVector.h:140:49: error: there are no arguments to ‘capacity_ptr’ that depend on a template parameter, so a declaration of ‘capacity_ptr’ must be available [-fpermissive]
   size_t capacity() const { return capacity_ptr() - begin(); }
                                                 ^
/usr/lib/llvm-6.0/include/llvm/ADT/SmallVector.h:140:59: error: there are no arguments to ‘begin’ that depend on a template parameter, so a declaration of ‘begin’ must be available [-fpermissive]
   size_t capacity() const { return capacity_ptr() - begin(); }
                                                           ^
/usr/lib/llvm-6.0/include/llvm/ADT/SmallVector.h: At global scope:
/usr/lib/llvm-6.0/include/llvm/ADT/SmallVector.h:219:20: error: expected ‘,’ or ‘...’ before ‘&&’ token
   void push_back(T &&Elt) {
                    ^
/usr/lib/llvm-6.0/include/llvm/ADT/SmallVector.h: In static member function ‘static void llvm::SmallVectorTemplateBase<T, isPodLike>::uninitialized_move(It1, It1, It2)’:
/usr/lib/llvm-6.0/include/llvm/ADT/SmallVector.h:195:29: error: ‘make_move_iterator’ is not a member of ‘std’
     std::uninitialized_copy(std::make_move_iterator(I),
                             ^
/usr/lib/llvm-6.0/include/llvm/ADT/SmallVector.h:196:29: error: ‘make_move_iterator’ is not a member of ‘std’
                             std::make_move_iterator(E), Dest);
                             ^
/usr/lib/llvm-6.0/include/llvm/ADT/SmallVector.h: In member function ‘void llvm::SmallVectorTemplateBase<T, isPodLike>::push_back(T)’:
/usr/lib/llvm-6.0/include/llvm/ADT/SmallVector.h:222:35: error: ‘move’ is not a member of ‘std’
     ::new ((void*) this->end()) T(::std::move(Elt));
                                   ^
/usr/lib/llvm-6.0/include/llvm/ADT/SmallVector.h:222:47: error: ‘Elt’ was not declared in this scope
     ::new ((void*) this->end()) T(::std::move(Elt));
                                               ^
/usr/lib/llvm-6.0/include/llvm/ADT/SmallVector.h: In member function ‘void llvm::SmallVectorTemplateBase<T, isPodLike>::grow(size_t)’:
/usr/lib/llvm-6.0/include/llvm/ADT/SmallVector.h:238:57: error: there are no arguments to ‘NextPowerOf2’ that depend on a template parameter, so a declaration of ‘NextPowerOf2’ must be available [-fpermissive]
   size_t NewCapacity = size_t(NextPowerOf2(CurCapacity+2));
                                                         ^
/usr/lib/llvm-6.0/include/llvm/ADT/SmallVector.h:242:18: error: ‘nullptr’ was not declared in this scope
   if (NewElts == nullptr)
                  ^
/usr/lib/llvm-6.0/include/llvm/ADT/SmallVector.h: At global scope:
/usr/lib/llvm-6.0/include/llvm/ADT/SmallVector.h:292:21: error: ‘enable_if’ in namespace ‘std’ does not name a template type
       typename std::enable_if<std::is_same<typename std::remove_const<T1>::type,
                     ^
/usr/lib/llvm-6.0/include/llvm/ADT/SmallVector.h:292:30: error: expected ‘,’ or ‘...’ before ‘<’ token
       typename std::enable_if<std::is_same<typename std::remove_const<T1>::type,
                              ^
/usr/lib/llvm-6.0/include/llvm/ADT/SmallVector.h:325:9: error: expected nested-name-specifier before ‘SuperClass’
   using SuperClass = SmallVectorTemplateBase<T, isPodLike<T>::value>;
         ^
/usr/lib/llvm-6.0/include/llvm/ADT/SmallVector.h:328:9: error: expected nested-name-specifier before ‘iterator’
   using iterator = typename SuperClass::iterator;
         ^
/usr/lib/llvm-6.0/include/llvm/ADT/SmallVector.h:329:9: error: expected nested-name-specifier before ‘const_iterator’
   using const_iterator = typename SuperClass::const_iterator;
         ^
/usr/lib/llvm-6.0/include/llvm/ADT/SmallVector.h:330:9: error: expected nested-name-specifier before ‘size_type’
   using size_type = typename SuperClass::size_type;
         ^
/usr/lib/llvm-6.0/include/llvm/ADT/SmallVector.h:339:46: warning: defaulted and deleted functions only available with -std=c++11 or -std=gnu++11
   SmallVectorImpl(const SmallVectorImpl &) = delete;
                                              ^
/usr/lib/llvm-6.0/include/llvm/ADT/SmallVector.h:355:15: error: ‘size_type’ has not been declared
   void resize(size_type N) {
               ^
/usr/lib/llvm-6.0/include/llvm/ADT/SmallVector.h:368:15: error: ‘size_type’ has not been declared
   void resize(size_type N, const T &NV) {
               ^
/usr/lib/llvm-6.0/include/llvm/ADT/SmallVector.h:380:16: error: ‘size_type’ has not been declared
   void reserve(size_type N) {
                ^
/usr/lib/llvm-6.0/include/llvm/ADT/SmallVector.h:395:38: error: ‘enable_if’ in namespace ‘std’ does not name a template type
             typename = typename std::enable_if<std::is_convertible<
                                      ^
/usr/lib/llvm-6.0/include/llvm/ADT/SmallVector.h:395:47: error: expected ‘>’ before ‘<’ token
             typename = typename std::enable_if<std::is_convertible<
                                               ^
/usr/lib/llvm-6.0/include/llvm/ADT/SmallVector.h:398:47: error: default template arguments may not be used in function templates without -std=c++11 or -std=gnu++11
   void append(in_iter in_start, in_iter in_end) {
                                               ^
/usr/lib/llvm-6.0/include/llvm/ADT/SmallVector.h:410:15: error: ‘size_type’ has not been declared
   void append(size_type NumInputs, const T &Elt) {
               ^
/usr/lib/llvm-6.0/include/llvm/ADT/SmallVector.h:420:20: error: ‘std::initializer_list’ has not been declared
   void append(std::initializer_list<T> IL) {
                    ^
/usr/lib/llvm-6.0/include/llvm/ADT/SmallVector.h:420:36: error: expected ‘,’ or ‘...’ before ‘<’ token
   void append(std::initializer_list<T> IL) {
                                    ^
/usr/lib/llvm-6.0/include/llvm/ADT/SmallVector.h:427:15: error: ‘size_type’ has not been declared
   void assign(size_type NumElts, const T &Elt) {
               ^
/usr/lib/llvm-6.0/include/llvm/ADT/SmallVector.h:436:38: error: ‘enable_if’ in namespace ‘std’ does not name a template type
             typename = typename std::enable_if<std::is_convertible<
                                      ^
/usr/lib/llvm-6.0/include/llvm/ADT/SmallVector.h:436:47: error: expected ‘>’ before ‘<’ token
             typename = typename std::enable_if<std::is_convertible<
                                               ^
/usr/lib/llvm-6.0/include/llvm/ADT/SmallVector.h:439:47: error: default template arguments may not be used in function templates without -std=c++11 or -std=gnu++11
   void assign(in_iter in_start, in_iter in_end) {
                                               ^
/usr/lib/llvm-6.0/include/llvm/ADT/SmallVector.h:444:20: error: ‘std::initializer_list’ has not been declared
   void assign(std::initializer_list<T> IL) {
                    ^
/usr/lib/llvm-6.0/include/llvm/ADT/SmallVector.h:444:36: error: expected ‘,’ or ‘...’ before ‘<’ token
   void assign(std::initializer_list<T> IL) {
                                    ^
/usr/lib/llvm-6.0/include/llvm/ADT/SmallVector.h:449:3: error: ‘iterator’ does not name a type
   iterator erase(const_iterator CI) {
   ^
/usr/lib/llvm-6.0/include/llvm/ADT/SmallVector.h:464:3: error: ‘iterator’ does not name a type
   iterator erase(const_iterator CS, const_iterator CE) {
   ^
/usr/lib/llvm-6.0/include/llvm/ADT/SmallVector.h:482:3: error: ‘iterator’ does not name a type
   iterator insert(iterator I, T &&Elt) {
   ^
/usr/lib/llvm-6.0/include/llvm/ADT/SmallVector.h:512:3: error: ‘iterator’ does not name a type
   iterator insert(iterator I, const T &Elt) {
   ^
/usr/lib/llvm-6.0/include/llvm/ADT/SmallVector.h:541:3: error: ‘iterator’ does not name a type
   iterator insert(iterator I, size_type NumToInsert, const T &Elt) {
   ^
/usr/lib/llvm-6.0/include/llvm/ADT/SmallVector.h:593:38: error: ‘enable_if’ in namespace ‘std’ does not name a template type
             typename = typename std::enable_if<std::is_convertible<
                                      ^
/usr/lib/llvm-6.0/include/llvm/ADT/SmallVector.h:593:47: error: expected ‘>’ before ‘<’ token
             typename = typename std::enable_if<std::is_convertible<
                                               ^
/usr/lib/llvm-6.0/include/llvm/ADT/SmallVector.h:596:3: error: ‘iterator’ does not name a type
   iterator insert(iterator I, ItTy From, ItTy To) {
   ^
/usr/lib/llvm-6.0/include/llvm/ADT/SmallVector.h:652:15: error: ‘iterator’ has not been declared
   void insert(iterator I, std::initializer_list<T> IL) {
               ^
/usr/lib/llvm-6.0/include/llvm/ADT/SmallVector.h:652:32: error: ‘std::initializer_list’ has not been declared
   void insert(iterator I, std::initializer_list<T> IL) {
                                ^
/usr/lib/llvm-6.0/include/llvm/ADT/SmallVector.h:652:48: error: expected ‘,’ or ‘...’ before ‘<’ token
   void insert(iterator I, std::initializer_list<T> IL) {
                                                ^
/usr/lib/llvm-6.0/include/llvm/ADT/SmallVector.h:656:21: warning: variadic templates only available with -std=c++11 or -std=gnu++11
   template <typename... ArgTypes> void emplace_back(ArgTypes &&... Args) {
                     ^
/usr/lib/llvm-6.0/include/llvm/ADT/SmallVector.h:656:62: error: expected ‘,’ or ‘...’ before ‘&&’ token
   template <typename... ArgTypes> void emplace_back(ArgTypes &&... Args) {
                                                              ^
/usr/lib/llvm-6.0/include/llvm/ADT/SmallVector.h:656:72: error: parameter packs not expanded with ‘...’:
   template <typename... ArgTypes> void emplace_back(ArgTypes &&... Args) {
                                                                        ^
/usr/lib/llvm-6.0/include/llvm/ADT/SmallVector.h:656:72: note:         ‘ArgTypes’
/usr/lib/llvm-6.0/include/llvm/ADT/SmallVector.h:665:46: error: expected ‘,’ or ‘...’ before ‘&&’ token
   SmallVectorImpl &operator=(SmallVectorImpl &&RHS);
                                              ^
/usr/lib/llvm-6.0/include/llvm/ADT/SmallVector.h:689:17: error: ‘size_type’ has not been declared
   void set_size(size_type N) {
                 ^
/usr/lib/llvm-6.0/include/llvm/ADT/SmallVector.h: In member function ‘void llvm::SmallVectorImpl<T>::resize(int)’:
/usr/lib/llvm-6.0/include/llvm/ADT/SmallVector.h:362:12: warning: ‘auto’ changes meaning in C++11; please remove it [-Wc++0x-compat]
       for (auto I = this->end(), E = this->begin() + N; I != E; ++I)
            ^
/usr/lib/llvm-6.0/include/llvm/ADT/SmallVector.h:362:17: error: ‘I’ does not name a type
       for (auto I = this->end(), E = this->begin() + N; I != E; ++I)
                 ^
/usr/lib/llvm-6.0/include/llvm/ADT/SmallVector.h:362:57: error: expected ‘;’ before ‘I’
       for (auto I = this->end(), E = this->begin() + N; I != E; ++I)
                                                         ^
/usr/lib/llvm-6.0/include/llvm/ADT/SmallVector.h:362:57: error: ‘I’ was not declared in this scope
/usr/lib/llvm-6.0/include/llvm/ADT/SmallVector.h:362:62: error: ‘E’ was not declared in this scope
       for (auto I = this->end(), E = this->begin() + N; I != E; ++I)
                                                              ^
/usr/lib/llvm-6.0/include/llvm/ADT/SmallVector.h: In member function ‘T llvm::SmallVectorImpl<T>::pop_back_val()’:
/usr/lib/llvm-6.0/include/llvm/ADT/SmallVector.h:386:16: error: ‘move’ is not a member of ‘std’
     T Result = ::std::move(this->back());
                ^
/usr/lib/llvm-6.0/include/llvm/ADT/SmallVector.h: In member function ‘void llvm::SmallVectorImpl<T>::append(in_iter, in_iter)’:
/usr/lib/llvm-6.0/include/llvm/ADT/SmallVector.h:399:5: error: ‘size_type’ was not declared in this scope
     size_type NumInputs = std::distance(in_start, in_end);
     ^
/usr/lib/llvm-6.0/include/llvm/ADT/SmallVector.h:401:9: error: ‘NumInputs’ was not declared in this scope
     if (NumInputs > size_type(this->capacity_ptr()-this->end()))
         ^
/usr/lib/llvm-6.0/include/llvm/ADT/SmallVector.h:406:32: error: ‘NumInputs’ was not declared in this scope
     this->setEnd(this->end() + NumInputs);
                                ^
/usr/lib/llvm-6.0/include/llvm/ADT/SmallVector.h: In member function ‘void llvm::SmallVectorImpl<T>::append(int)’:
/usr/lib/llvm-6.0/include/llvm/ADT/SmallVector.h:421:12: error: ‘IL’ was not declared in this scope
     append(IL.begin(), IL.end());
            ^
/usr/lib/llvm-6.0/include/llvm/ADT/SmallVector.h: In member function ‘void llvm::SmallVectorImpl<T>::assign(int)’:
/usr/lib/llvm-6.0/include/llvm/ADT/SmallVector.h:446:12: error: ‘IL’ was not declared in this scope
     append(IL);
            ^
/usr/lib/llvm-6.0/include/llvm/ADT/SmallVector.h: In member function ‘void llvm::SmallVectorImpl<T>::insert(int, int)’:
/usr/lib/llvm-6.0/include/llvm/ADT/SmallVector.h:653:15: error: ‘IL’ was not declared in this scope
     insert(I, IL.begin(), IL.end());
               ^
/usr/lib/llvm-6.0/include/llvm/ADT/SmallVector.h: In member function ‘void llvm::SmallVectorImpl<T>::emplace_back(<type error>)’:
/usr/lib/llvm-6.0/include/llvm/ADT/SmallVector.h:659:35: error: ‘forward’ is not a member of ‘std’
     ::new ((void *)this->end()) T(std::forward<ArgTypes>(Args)...);
                                   ^
/usr/lib/llvm-6.0/include/llvm/ADT/SmallVector.h:659:56: error: expected primary-expression before ‘>’ token
     ::new ((void *)this->end()) T(std::forward<ArgTypes>(Args)...);
                                                        ^
/usr/lib/llvm-6.0/include/llvm/ADT/SmallVector.h:659:58: error: ‘Args’ was not declared in this scope
     ::new ((void *)this->end()) T(std::forward<ArgTypes>(Args)...);
                                                          ^
/usr/lib/llvm-6.0/include/llvm/ADT/SmallVector.h: In member function ‘void llvm::SmallVectorImpl<T>::swap(llvm::SmallVectorImpl<T>&)’:
/usr/lib/llvm-6.0/include/llvm/ADT/SmallVector.h:714:8: error: ‘size_type’ was not declared in this scope
   for (size_type i = 0; i != NumShared; ++i)
        ^
/usr/lib/llvm-6.0/include/llvm/ADT/SmallVector.h:714:25: error: ‘i’ was not declared in this scope
   for (size_type i = 0; i != NumShared; ++i)
                         ^
/usr/lib/llvm-6.0/include/llvm/ADT/SmallVector.h: In member function ‘llvm::SmallVectorImpl<T>& llvm::SmallVectorImpl<T>::operator=(const llvm::SmallVectorImpl<T>&)’:
/usr/lib/llvm-6.0/include/llvm/ADT/SmallVector.h:745:5: error: ‘iterator’ was not declared in this scope
     iterator NewEnd;
     ^
/usr/lib/llvm-6.0/include/llvm/ADT/SmallVector.h:745:5: note: suggested alternatives:
In file included from /usr/include/c++/5/bits/stl_algobase.h:65:0,
                 from /usr/include/c++/5/algorithm:61,
                 from /usr/lib/llvm-6.0/include/llvm/ADT/Optional.h:23,
                 from /usr/lib/llvm-6.0/include/llvm/ADT/STLExtras.h:20,
                 from /usr/lib/llvm-6.0/include/llvm/ADT/StringRef.h:13,
                 from /usr/lib/llvm-6.0/include/llvm/ADT/StringMap.h:17,
                 from /usr/lib/llvm-6.0/include/llvm/Support/Host.h:17,
                 from /usr/lib/llvm-6.0/include/llvm/ADT/Hashing.h:49,
                 from /usr/lib/llvm-6.0/include/llvm/ADT/ArrayRef.h:13,
                 from /usr/lib/llvm-6.0/include/llvm/ADT/DenseMapInfo.h:17,
                 from /usr/lib/llvm-6.0/include/llvm/ADT/DenseMap.h:17,
                 from /usr/lib/llvm-6.0/include/llvm/Analysis/TargetLibraryInfo.h:13,
                 from /home/jg/klee/build/CMakeFiles/CMakeTmp/src.cxx:2:
/usr/include/c++/5/bits/stl_iterator_base_types.h:118:12: note:   ‘std::iterator’
     struct iterator
            ^
/usr/include/c++/5/bits/stl_iterator_base_types.h:118:12: note:   ‘std::iterator’
In file included from /usr/lib/llvm-6.0/include/llvm/ADT/STLExtras.h:21:0,
                 from /usr/lib/llvm-6.0/include/llvm/ADT/StringRef.h:13,
                 from /usr/lib/llvm-6.0/include/llvm/ADT/StringMap.h:17,
                 from /usr/lib/llvm-6.0/include/llvm/Support/Host.h:17,
                 from /usr/lib/llvm-6.0/include/llvm/ADT/Hashing.h:49,
                 from /usr/lib/llvm-6.0/include/llvm/ADT/ArrayRef.h:13,
                 from /usr/lib/llvm-6.0/include/llvm/ADT/DenseMapInfo.h:17,
                 from /usr/lib/llvm-6.0/include/llvm/ADT/DenseMap.h:17,
                 from /usr/lib/llvm-6.0/include/llvm/Analysis/TargetLibraryInfo.h:13,
                 from /home/jg/klee/build/CMakeFiles/CMakeTmp/src.cxx:2:
/usr/lib/llvm-6.0/include/llvm/ADT/SmallVector.h:747:7: error: ‘NewEnd’ was not declared in this scope
       NewEnd = std::copy(RHS.begin(), RHS.begin()+RHSSize, this->begin());
       ^
/usr/lib/llvm-6.0/include/llvm/ADT/SmallVector.h:749:7: error: ‘NewEnd’ was not declared in this scope
       NewEnd = this->begin();
       ^
/usr/lib/llvm-6.0/include/llvm/ADT/SmallVector.h:752:25: error: ‘NewEnd’ was not declared in this scope
     this->destroy_range(NewEnd, this->end());
                         ^
/usr/lib/llvm-6.0/include/llvm/ADT/SmallVector.h: At global scope:
/usr/lib/llvm-6.0/include/llvm/ADT/SmallVector.h:783:70: error: expected ‘,’ or ‘...’ before ‘&&’ token
 SmallVectorImpl<T> &SmallVectorImpl<T>::operator=(SmallVectorImpl<T> &&RHS) {
                                                                      ^
/usr/lib/llvm-6.0/include/llvm/ADT/SmallVector.h: In member function ‘llvm::SmallVectorImpl<T>& llvm::SmallVectorImpl<T>::operator=(llvm::SmallVectorImpl<T>)’:
/usr/lib/llvm-6.0/include/llvm/ADT/SmallVector.h:785:16: error: ‘RHS’ was not declared in this scope
   if (this == &RHS) return *this;
                ^
/usr/lib/llvm-6.0/include/llvm/ADT/SmallVector.h:788:8: error: ‘RHS’ was not declared in this scope
   if (!RHS.isSmall()) {
        ^
/usr/lib/llvm-6.0/include/llvm/ADT/SmallVector.h:800:20: error: ‘RHS’ was not declared in this scope
   size_t RHSSize = RHS.size();
                    ^
/usr/lib/llvm-6.0/include/llvm/ADT/SmallVector.h:804:5: error: ‘iterator’ was not declared in this scope
     iterator NewEnd = this->begin();
     ^
/usr/lib/llvm-6.0/include/llvm/ADT/SmallVector.h:804:5: note: suggested alternatives:
In file included from /usr/include/c++/5/bits/stl_algobase.h:65:0,
                 from /usr/include/c++/5/algorithm:61,
                 from /usr/lib/llvm-6.0/include/llvm/ADT/Optional.h:23,
                 from /usr/lib/llvm-6.0/include/llvm/ADT/STLExtras.h:20,
                 from /usr/lib/llvm-6.0/include/llvm/ADT/StringRef.h:13,
                 from /usr/lib/llvm-6.0/include/llvm/ADT/StringMap.h:17,
                 from /usr/lib/llvm-6.0/include/llvm/Support/Host.h:17,
                 from /usr/lib/llvm-6.0/include/llvm/ADT/Hashing.h:49,
                 from /usr/lib/llvm-6.0/include/llvm/ADT/ArrayRef.h:13,
                 from /usr/lib/llvm-6.0/include/llvm/ADT/DenseMapInfo.h:17,
                 from /usr/lib/llvm-6.0/include/llvm/ADT/DenseMap.h:17,
                 from /usr/lib/llvm-6.0/include/llvm/Analysis/TargetLibraryInfo.h:13,
                 from /home/jg/klee/build/CMakeFiles/CMakeTmp/src.cxx:2:
/usr/include/c++/5/bits/stl_iterator_base_types.h:118:12: note:   ‘std::iterator’
     struct iterator
            ^
/usr/include/c++/5/bits/stl_iterator_base_types.h:118:12: note:   ‘std::iterator’
In file included from /usr/lib/llvm-6.0/include/llvm/ADT/STLExtras.h:21:0,
                 from /usr/lib/llvm-6.0/include/llvm/ADT/StringRef.h:13,
                 from /usr/lib/llvm-6.0/include/llvm/ADT/StringMap.h:17,
                 from /usr/lib/llvm-6.0/include/llvm/Support/Host.h:17,
                 from /usr/lib/llvm-6.0/include/llvm/ADT/Hashing.h:49,
                 from /usr/lib/llvm-6.0/include/llvm/ADT/ArrayRef.h:13,
                 from /usr/lib/llvm-6.0/include/llvm/ADT/DenseMapInfo.h:17,
                 from /usr/lib/llvm-6.0/include/llvm/ADT/DenseMap.h:17,
                 from /usr/lib/llvm-6.0/include/llvm/Analysis/TargetLibraryInfo.h:13,
                 from /home/jg/klee/build/CMakeFiles/CMakeTmp/src.cxx:2:
/usr/lib/llvm-6.0/include/llvm/ADT/SmallVector.h:806:7: error: ‘NewEnd’ was not declared in this scope
       NewEnd = std::move(RHS.begin(), RHS.end(), NewEnd);
       ^
/usr/lib/llvm-6.0/include/llvm/ADT/SmallVector.h:806:16: error: ‘move’ is not a member of ‘std’
       NewEnd = std::move(RHS.begin(), RHS.end(), NewEnd);
                ^
/usr/lib/llvm-6.0/include/llvm/ADT/SmallVector.h:809:25: error: ‘NewEnd’ was not declared in this scope
     this->destroy_range(NewEnd, this->end());
                         ^
/usr/lib/llvm-6.0/include/llvm/ADT/SmallVector.h:830:5: error: ‘move’ is not a member of ‘std’
     std::move(RHS.begin(), RHS.begin()+CurSize, this->begin());
     ^
/usr/lib/llvm-6.0/include/llvm/ADT/SmallVector.h: At global scope:
/usr/lib/llvm-6.0/include/llvm/ADT/SmallVector.h:877:38: error: ‘enable_if’ in namespace ‘std’ does not name a template type
             typename = typename std::enable_if<std::is_convertible<
                                      ^
/usr/lib/llvm-6.0/include/llvm/ADT/SmallVector.h:877:47: error: expected ‘>’ before ‘<’ token
             typename = typename std::enable_if<std::is_convertible<
                                               ^
/usr/lib/llvm-6.0/include/llvm/ADT/SmallVector.h:880:29: error: default template arguments may not be used in function templates without -std=c++11 or -std=gnu++11
   SmallVector(ItTy S, ItTy E) : SmallVectorImpl<T>(N) {
                             ^
/usr/lib/llvm-6.0/include/llvm/ADT/SmallVector.h:890:36: error: expected ‘)’ before ‘<’ token
   SmallVector(std::initializer_list<T> IL) : SmallVectorImpl<T>(N) {
                                    ^
/usr/lib/llvm-6.0/include/llvm/ADT/SmallVector.h:904:27: error: expected ‘,’ or ‘...’ before ‘&&’ token
   SmallVector(SmallVector &&RHS) : SmallVectorImpl<T>(N) {
                           ^
/usr/lib/llvm-6.0/include/llvm/ADT/SmallVector.h:904:32: error: invalid constructor; you probably meant ‘llvm::SmallVector<T, N> (const llvm::SmallVector<T, N>&)’
   SmallVector(SmallVector &&RHS) : SmallVectorImpl<T>(N) {
                                ^
/usr/lib/llvm-6.0/include/llvm/ADT/SmallVector.h:909:34: error: expected ‘,’ or ‘...’ before ‘&&’ token
   SmallVector(SmallVectorImpl<T> &&RHS) : SmallVectorImpl<T>(N) {
                                  ^
/usr/lib/llvm-6.0/include/llvm/ADT/SmallVector.h:914:44: error: expected ‘,’ or ‘...’ before ‘&&’ token
   const SmallVector &operator=(SmallVector &&RHS) {
                                            ^
/usr/lib/llvm-6.0/include/llvm/ADT/SmallVector.h:919:51: error: expected ‘,’ or ‘...’ before ‘&&’ token
   const SmallVector &operator=(SmallVectorImpl<T> &&RHS) {
                                                   ^
/usr/lib/llvm-6.0/include/llvm/ADT/SmallVector.h:924:37: error: declaration of ‘operator=’ as non-function
   const SmallVector &operator=(std::initializer_list<T> IL) {
                                     ^
/usr/lib/llvm-6.0/include/llvm/ADT/SmallVector.h:924:30: error: expected ‘;’ at end of member declaration
   const SmallVector &operator=(std::initializer_list<T> IL) {
                              ^
/usr/lib/llvm-6.0/include/llvm/ADT/SmallVector.h:924:53: error: expected ‘)’ before ‘<’ token
   const SmallVector &operator=(std::initializer_list<T> IL) {
                                                     ^
/usr/lib/llvm-6.0/include/llvm/ADT/SmallVector.h: In constructor ‘llvm::SmallVector<T, N>::SmallVector(llvm::SmallVectorImpl<T>)’:
/usr/lib/llvm-6.0/include/llvm/ADT/SmallVector.h:910:10: error: ‘RHS’ was not declared in this scope
     if (!RHS.empty())
          ^
/usr/lib/llvm-6.0/include/llvm/ADT/SmallVector.h:911:37: error: ‘move’ is not a member of ‘std’
       SmallVectorImpl<T>::operator=(::std::move(RHS));
                                     ^
/usr/lib/llvm-6.0/include/llvm/ADT/SmallVector.h: In member function ‘const llvm::SmallVector<T, N>& llvm::SmallVector<T, N>::operator=(llvm::SmallVector<T, N>)’:
/usr/lib/llvm-6.0/include/llvm/ADT/SmallVector.h:915:35: error: ‘move’ is not a member of ‘std’
     SmallVectorImpl<T>::operator=(::std::move(RHS));
                                   ^
/usr/lib/llvm-6.0/include/llvm/ADT/SmallVector.h:915:47: error: ‘RHS’ was not declared in this scope
     SmallVectorImpl<T>::operator=(::std::move(RHS));
                                               ^
/usr/lib/llvm-6.0/include/llvm/ADT/SmallVector.h: In member function ‘const llvm::SmallVector<T, N>& llvm::SmallVector<T, N>::operator=(llvm::SmallVectorImpl<T>)’:
/usr/lib/llvm-6.0/include/llvm/ADT/SmallVector.h:920:35: error: ‘move’ is not a member of ‘std’
     SmallVectorImpl<T>::operator=(::std::move(RHS));
                                   ^
/usr/lib/llvm-6.0/include/llvm/ADT/SmallVector.h:920:47: error: ‘RHS’ was not declared in this scope
     SmallVectorImpl<T>::operator=(::std::move(RHS));
                                               ^
In file included from /usr/lib/llvm-6.0/include/llvm/ADT/STLExtras.h:22:0,
                 from /usr/lib/llvm-6.0/include/llvm/ADT/StringRef.h:13,
                 from /usr/lib/llvm-6.0/include/llvm/ADT/StringMap.h:17,
                 from /usr/lib/llvm-6.0/include/llvm/Support/Host.h:17,
                 from /usr/lib/llvm-6.0/include/llvm/ADT/Hashing.h:49,
                 from /usr/lib/llvm-6.0/include/llvm/ADT/ArrayRef.h:13,
                 from /usr/lib/llvm-6.0/include/llvm/ADT/DenseMapInfo.h:17,
                 from /usr/lib/llvm-6.0/include/llvm/ADT/DenseMap.h:17,
                 from /usr/lib/llvm-6.0/include/llvm/Analysis/TargetLibraryInfo.h:13,
                 from /home/jg/klee/build/CMakeFiles/CMakeTmp/src.cxx:2:
/usr/lib/llvm-6.0/include/llvm/ADT/iterator.h: At global scope:
/usr/lib/llvm-6.0/include/llvm/ADT/iterator.h:73:22: error: ‘is_base_of’ is not a member of ‘std’
     IsRandomAccess = std::is_base_of<std::random_access_iterator_tag,
                      ^
/usr/lib/llvm-6.0/include/llvm/ADT/iterator.h:73:69: error: expected primary-expression before ‘,’ token
     IsRandomAccess = std::is_base_of<std::random_access_iterator_tag,
                                                                     ^
/usr/lib/llvm-6.0/include/llvm/ADT/iterator.h:74:38: error: declaration of ‘IteratorCategoryT’
                                      IteratorCategoryT>::value,
                                      ^
/usr/lib/llvm-6.0/include/llvm/ADT/iterator.h:65:30: error:  shadows template parm ‘class IteratorCategoryT’
 template <typename DerivedT, typename IteratorCategoryT, typename T,
                              ^
/usr/lib/llvm-6.0/include/llvm/ADT/iterator.h:74:55: error: expected ‘}’ before ‘>’ token
                                      IteratorCategoryT>::value,
                                                       ^
/usr/lib/llvm-6.0/include/llvm/ADT/iterator.h:74:55: error: expected unqualified-id before ‘>’ token
/usr/lib/llvm-6.0/include/llvm/ADT/iterator.h:85:12: error: invalid use of template-name ‘llvm::iterator_facade_base’ without an argument list
     friend iterator_facade_base;
            ^
/usr/lib/llvm-6.0/include/llvm/ADT/iterator.h:87:5: error: ‘DerivedT’ does not name a type
     DerivedT I;
     ^
/usr/lib/llvm-6.0/include/llvm/ADT/iterator.h:89:29: error: expected ‘)’ before ‘I’
     ReferenceProxy(DerivedT I) : I(std::move(I)) {}
                             ^
/usr/lib/llvm-6.0/include/llvm/ADT/iterator.h:92:14: error: expected type-specifier before ‘ReferenceT’
     operator ReferenceT() const { return *I; }
              ^
/usr/lib/llvm-6.0/include/llvm/ADT/iterator.h:95:1: error: expected unqualified-id before ‘public’
 public:
 ^
/usr/lib/llvm-6.0/include/llvm/ADT/iterator.h:106:3: error: ‘friend’ used outside of class
   friend DerivedT operator+(DifferenceTypeT n, const DerivedT &i) {
   ^
/usr/lib/llvm-6.0/include/llvm/ADT/iterator.h:106:10: error: ‘DerivedT’ does not name a type
   friend DerivedT operator+(DifferenceTypeT n, const DerivedT &i) {
          ^
/usr/lib/llvm-6.0/include/llvm/ADT/iterator.h:112:3: error: ‘DerivedT’ does not name a type
   DerivedT operator-(DifferenceTypeT n) const {
   ^
/usr/lib/llvm-6.0/include/llvm/ADT/iterator.h:121:3: error: ‘DerivedT’ does not name a type
   DerivedT &operator++() {
   ^
/usr/lib/llvm-6.0/include/llvm/ADT/iterator.h:126:3: error: ‘DerivedT’ does not name a type
   DerivedT operator++(int) {
   ^
/usr/lib/llvm-6.0/include/llvm/ADT/iterator.h:131:3: error: ‘DerivedT’ does not name a type
   DerivedT &operator--() {
   ^
/usr/lib/llvm-6.0/include/llvm/ADT/iterator.h:137:3: error: ‘DerivedT’ does not name a type
   DerivedT operator--(int) {
   ^
/usr/lib/llvm-6.0/include/llvm/ADT/iterator.h:146:25: error: ‘DerivedT’ does not name a type
   bool operator!=(const DerivedT &RHS) const {
                         ^
/usr/lib/llvm-6.0/include/llvm/ADT/iterator.h:146:40: error: non-member function ‘bool llvm::operator!=(const int&)’ cannot have cv-qualifier
   bool operator!=(const DerivedT &RHS) const {
                                        ^
/usr/lib/llvm-6.0/include/llvm/ADT/iterator.h:146:40: error: ‘bool llvm::operator!=(const int&)’ must have an argument of class or enumerated type
/usr/lib/llvm-6.0/include/llvm/ADT/iterator.h:150:24: error: ‘DerivedT’ does not name a type
   bool operator>(const DerivedT &RHS) const {
                        ^
/usr/lib/llvm-6.0/include/llvm/ADT/iterator.h:150:39: error: non-member function ‘bool llvm::operator>(const int&)’ cannot have cv-qualifier
   bool operator>(const DerivedT &RHS) const {
                                       ^
/usr/lib/llvm-6.0/include/llvm/ADT/iterator.h:150:39: error: ‘bool llvm::operator>(const int&)’ must have an argument of class or enumerated type
/usr/lib/llvm-6.0/include/llvm/ADT/iterator.h:157:25: error: ‘DerivedT’ does not name a type
   bool operator<=(const DerivedT &RHS) const {
                         ^
/usr/lib/llvm-6.0/include/llvm/ADT/iterator.h:157:40: error: non-member function ‘bool llvm::operator<=(const int&)’ cannot have cv-qualifier
   bool operator<=(const DerivedT &RHS) const {
                                        ^
/usr/lib/llvm-6.0/include/llvm/ADT/iterator.h:157:40: error: ‘bool llvm::operator<=(const int&)’ must have an argument of class or enumerated type
/usr/lib/llvm-6.0/include/llvm/ADT/iterator.h:163:25: error: ‘DerivedT’ does not name a type
   bool operator>=(const DerivedT &RHS) const {
                         ^
/usr/lib/llvm-6.0/include/llvm/ADT/iterator.h:163:40: error: non-member function ‘bool llvm::operator>=(const int&)’ cannot have cv-qualifier
   bool operator>=(const DerivedT &RHS) const {
                                        ^
/usr/lib/llvm-6.0/include/llvm/ADT/iterator.h:163:40: error: ‘bool llvm::operator>=(const int&)’ must have an argument of class or enumerated type
/usr/lib/llvm-6.0/include/llvm/ADT/iterator.h:170:3: error: ‘PointerT’ does not name a type
   PointerT operator->() { return &static_cast<DerivedT *>(this)->operator*(); }
   ^
/usr/lib/llvm-6.0/include/llvm/ADT/iterator.h:171:3: error: ‘PointerT’ does not name a type
   PointerT operator->() const {
   ^
/usr/lib/llvm-6.0/include/llvm/ADT/iterator.h:174:29: error: declaration of ‘operator[]’ as non-function
   ReferenceProxy operator[](DifferenceTypeT n) {
                             ^
/usr/lib/llvm-6.0/include/llvm/ADT/iterator.h:174:29: error: ‘DifferenceTypeT’ was not declared in this scope
/usr/lib/llvm-6.0/include/llvm/ADT/iterator.h:179:29: error: declaration of ‘operator[]’ as non-function
   ReferenceProxy operator[](DifferenceTypeT n) const {
                             ^
/usr/lib/llvm-6.0/include/llvm/ADT/iterator.h:179:29: error: ‘DifferenceTypeT’ was not declared in this scope
/usr/lib/llvm-6.0/include/llvm/ADT/iterator.h:198:39: error: ‘conditional’ in namespace ‘std’ does not name a template type
     typename PointerT = typename std::conditional<
                                       ^
/usr/lib/llvm-6.0/include/llvm/ADT/iterator.h:198:50: error: expected ‘>’ before ‘<’ token
     typename PointerT = typename std::conditional<
                                                  ^
/usr/lib/llvm-6.0/include/llvm/ADT/iterator.h:210:74: error: expected unqualified-id before ‘{’ token
                                   DifferenceTypeT, PointerT, ReferenceT> {
                                                                          ^
/usr/lib/llvm-6.0/include/llvm/ADT/iterator.h:287:38: error: ‘remove_reference’ in namespace ‘std’ does not name a template type
           typename T = typename std::remove_reference<
                                      ^
/usr/lib/llvm-6.0/include/llvm/ADT/iterator.h:287:54: error: expected ‘>’ before ‘<’ token
           typename T = typename std::remove_reference<
                                                      ^
/usr/lib/llvm-6.0/include/llvm/ADT/iterator.h:290:28: error: expected template-name before ‘<’ token
     : iterator_adaptor_base<
                            ^
/usr/lib/llvm-6.0/include/llvm/ADT/iterator.h:290:28: error: expected ‘{’ before ‘<’ token
/usr/lib/llvm-6.0/include/llvm/ADT/iterator.h:290:28: error: expected unqualified-id before ‘<’ token
/usr/lib/llvm-6.0/include/llvm/ADT/iterator.h:303:32: error: expected type-specifier before ‘decltype’
                                decltype(std::begin(std::declval<RangeT>()))>
                                ^
/usr/lib/llvm-6.0/include/llvm/ADT/iterator.h:303:32: error: expected ‘>’ before ‘decltype’
/usr/lib/llvm-6.0/include/llvm/ADT/iterator.h:304:1: error: ‘iterator_range’ does not name a type
 iterator_range<pointee_iterator<WrappedIteratorT>>
 ^
/usr/lib/llvm-6.0/include/llvm/ADT/iterator.h:312:24: error: expected type-specifier before ‘decltype’
           typename T = decltype(&*std::declval<WrappedIteratorT>())>
                        ^
/usr/lib/llvm-6.0/include/llvm/ADT/iterator.h:312:24: error: expected ‘>’ before ‘decltype’
/usr/lib/llvm-6.0/include/llvm/ADT/iterator.h:314:35: error: expected template-name before ‘<’ token
     : public iterator_adaptor_base<pointer_iterator<WrappedIteratorT>,
                                   ^
/usr/lib/llvm-6.0/include/llvm/ADT/iterator.h:314:35: error: expected ‘{’ before ‘<’ token
/usr/lib/llvm-6.0/include/llvm/ADT/iterator.h:314:35: error: expected unqualified-id before ‘<’ token
/usr/lib/llvm-6.0/include/llvm/ADT/iterator.h:329:32: error: expected type-specifier before ‘decltype’
                                decltype(std::begin(std::declval<RangeT>()))>
                                ^
/usr/lib/llvm-6.0/include/llvm/ADT/iterator.h:329:32: error: expected ‘>’ before ‘decltype’
/usr/lib/llvm-6.0/include/llvm/ADT/iterator.h:330:1: error: ‘iterator_range’ does not name a type
 iterator_range<pointer_iterator<WrappedIteratorT>>
 ^
/usr/lib/llvm-6.0/include/llvm/ADT/iterator.h:337:1: error: expected declaration before ‘}’ token
 } // end namespace llvm
 ^
CMakeFiles/cmTC_6931c.dir/build.make:65: recipe for target 'CMakeFiles/cmTC_6931c.dir/src.cxx.o' failed
make[1]: *** [CMakeFiles/cmTC_6931c.dir/src.cxx.o] Error 1
make[1]: Leaving directory '/home/jg/klee/build/CMakeFiles/CMakeTmp'
Makefile:126: recipe for target 'cmTC_6931c/fast' failed
make: *** [cmTC_6931c/fast] Error 2

Return value: 1
Source file was:

    #include "llvm/Analysis/TargetLibraryInfo.h"
    #include "llvm/AsmParser/Parser.h"
    #include "llvm/AsmParser/SlotMapping.h"
    #include "llvm/IR/ConstantFolder.h"
    #include "llvm/IR/Constants.h"
    #include "llvm/IR/DataLayout.h"
    #include "llvm/IR/DiagnosticInfo.h"
    #include "llvm/IR/Instructions.h"
    #include "llvm/IR/IRBuilder.h"
    #include "llvm/IR/LLVMContext.h"
    #include "llvm/Transforms/Utils/BuildLibCalls.h"

    #include <signal.h>

    void handler(int, siginfo_t*, void*) {
      // program received SIGSEGV
      exit(1);
    }

    using namespace llvm;

    int main() {
      // capture segfault
      struct sigaction action;
      memset(&action, 0, sizeof(struct sigaction));
      action.sa_flags = SA_SIGINFO;
      action.sa_sigaction = handler;
      sigaction(SIGSEGV, &action, NULL);

      // setup test
      LLVMContext Ctx;
      SMDiagnostic Error;
      SlotMapping Mapping;
      auto M = llvm::parseAssemblyFile("/home/jg/klee/cmake/workaround_llvm_pr39177.ll", Error, Ctx, &Mapping);
      if (!M) {
        Error.print("AssemblyString", llvm::errs());
        return -1;
      }

      auto *F = M->getFunction("test");
      auto *CI = cast<CallInst>(&*std::next(F->begin()->begin()));
      auto &DL = M->getDataLayout();
      Value *Size = ConstantInt::get(DL.getIntPtrType(Ctx), 8);
      ConstantFolder CF;
      IRBuilder<> B(&*F->begin(), CF);
      TargetLibraryInfo TLI = TargetLibraryInfoWrapperPass({"x86_64", "", "linux-gnu"}).getTLI();

      // test if this call produces segfault
      emitFWrite(CI->getArgOperand(1), Size, CI->getArgOperand(0), B, DL, &TLI);

      return 0;
    }
Determining if the pthread_create exist failed with the following output:
Change Dir: /home/jg/klee/build/CMakeFiles/CMakeTmp

Run Build Command:"/usr/bin/make" "cmTC_6d8eb/fast"
/usr/bin/make -f CMakeFiles/cmTC_6d8eb.dir/build.make CMakeFiles/cmTC_6d8eb.dir/build
make[1]: Entering directory '/home/jg/klee/build/CMakeFiles/CMakeTmp'
Building C object CMakeFiles/cmTC_6d8eb.dir/CheckSymbolExists.c.o
/usr/bin/cc    -Wall -Wextra -Wno-unused-parameter    -o CMakeFiles/cmTC_6d8eb.dir/CheckSymbolExists.c.o   -c /home/jg/klee/build/CMakeFiles/CMakeTmp/CheckSymbolExists.c
Linking C executable cmTC_6d8eb
/usr/bin/cmake -E cmake_link_script CMakeFiles/cmTC_6d8eb.dir/link.txt --verbose=1
/usr/bin/cc   -Wall -Wextra -Wno-unused-parameter     CMakeFiles/cmTC_6d8eb.dir/CheckSymbolExists.c.o  -o cmTC_6d8eb -rdynamic 
CMakeFiles/cmTC_6d8eb.dir/CheckSymbolExists.c.o: In function `main':
CheckSymbolExists.c:(.text+0x16): undefined reference to `pthread_create'
collect2: error: ld returned 1 exit status
CMakeFiles/cmTC_6d8eb.dir/build.make:97: recipe for target 'cmTC_6d8eb' failed
make[1]: *** [cmTC_6d8eb] Error 1
make[1]: Leaving directory '/home/jg/klee/build/CMakeFiles/CMakeTmp'
Makefile:126: recipe for target 'cmTC_6d8eb/fast' failed
make: *** [cmTC_6d8eb/fast] Error 2

File /home/jg/klee/build/CMakeFiles/CMakeTmp/CheckSymbolExists.c:
/* */
#include <pthread.h>

int main(int argc, char** argv)
{
  (void)argv;
#ifndef pthread_create
  return ((int*)(&pthread_create))[argc];
#else
  (void)argc;
  return 0;
#endif
}

Determining if the function pthread_create exists in the pthreads failed with the following output:
Change Dir: /home/jg/klee/build/CMakeFiles/CMakeTmp

Run Build Command:"/usr/bin/make" "cmTC_a78dd/fast"
/usr/bin/make -f CMakeFiles/cmTC_a78dd.dir/build.make CMakeFiles/cmTC_a78dd.dir/build
make[1]: Entering directory '/home/jg/klee/build/CMakeFiles/CMakeTmp'
Building C object CMakeFiles/cmTC_a78dd.dir/CheckFunctionExists.c.o
/usr/bin/cc    -Wall -Wextra -Wno-unused-parameter -DCHECK_FUNCTION_EXISTS=pthread_create   -o CMakeFiles/cmTC_a78dd.dir/CheckFunctionExists.c.o   -c /usr/share/cmake-3.5/Modules/CheckFunctionExists.c
Linking C executable cmTC_a78dd
/usr/bin/cmake -E cmake_link_script CMakeFiles/cmTC_a78dd.dir/link.txt --verbose=1
/usr/bin/cc   -Wall -Wextra -Wno-unused-parameter -DCHECK_FUNCTION_EXISTS=pthread_create    CMakeFiles/cmTC_a78dd.dir/CheckFunctionExists.c.o  -o cmTC_a78dd -rdynamic -lpthreads 
/usr/bin/ld: cannot find -lpthreads
collect2: error: ld returned 1 exit status
CMakeFiles/cmTC_a78dd.dir/build.make:97: recipe for target 'cmTC_a78dd' failed
make[1]: *** [cmTC_a78dd] Error 1
make[1]: Leaving directory '/home/jg/klee/build/CMakeFiles/CMakeTmp'
Makefile:126: recipe for target 'cmTC_a78dd/fast' failed
make: *** [cmTC_a78dd/fast] Error 2


